#
# There is insufficient memory for the Java Runtime Environment to continue.
# Native memory allocation (malloc) failed to allocate 610096 bytes for Chunk::new
# Possible reasons:
#   The system is out of physical RAM or swap space
#   The process is running with CompressedOops enabled, and the Java Heap may be blocking the growth of the native heap
# Possible solutions:
#   Reduce memory load on the system
#   Increase physical memory or swap space
#   Check if swap backing store is full
#   Decrease Java heap size (-Xmx/-Xms)
#   Decrease number of Java threads
#   Decrease Java thread stack sizes (-Xss)
#   Set larger code cache with -XX:ReservedCodeCacheSize=
#   JVM is running with Zero Based Compressed Oops mode in which the Java heap is
#     placed in the first 32GB address space. The Java Heap base address is the
#     maximum limit for the native heap growth. Please use -XX:HeapBaseMinAddress
#     to set the Java Heap base and to place the Java Heap above 32GB virtual address.
# This output file may be truncated or incomplete.
#
#  Out of Memory Error (arena.cpp:168), pid=109512, tid=102260
#
# JRE version: Java(TM) SE Runtime Environment (21.0.6+8) (build 21.0.6+8-LTS-188)
# Java VM: Java HotSpot(TM) 64-Bit Server VM (21.0.6+8-LTS-188, mixed mode, sharing, tiered, compressed oops, compressed class ptrs, g1 gc, windows-amd64)
# No core dump will be written. Minidumps are not enabled by default on client versions of Windows
#

---------------  S U M M A R Y ------------

Command Line: -XX:MaxMetaspaceSize=2G -XX:+HeapDumpOnOutOfMemoryError --add-opens=java.base/java.util=ALL-UNNAMED --add-opens=java.base/java.lang=ALL-UNNAMED --add-opens=java.base/java.lang.invoke=ALL-UNNAMED --add-opens=java.prefs/java.util.prefs=ALL-UNNAMED --add-exports=jdk.compiler/com.sun.tools.javac.api=ALL-UNNAMED --add-exports=jdk.compiler/com.sun.tools.javac.util=ALL-UNNAMED --add-opens=java.base/java.nio.charset=ALL-UNNAMED --add-opens=java.base/java.net=ALL-UNNAMED --add-opens=java.base/java.util.concurrent.atomic=ALL-UNNAMED -Xmx4G -Dfile.encoding=utf8 -Duser.country=ID -Duser.language=en -Duser.variant -javaagent:C:\Users\ACER\.gradle\wrapper\dists\gradle-8.10.2-all\7iv73wktx1xtkvlq19urqw1wm\gradle-8.10.2\lib\agents\gradle-instrumentation-agent-8.10.2.jar org.gradle.launcher.daemon.bootstrap.GradleDaemon 8.10.2

Host: 12th Gen Intel(R) Core(TM) i5-12500H, 16 cores, 15G,  Windows 11 , 64 bit Build 26100 (10.0.26100.3912)
Time: Wed May 14 16:13:55 2025 SE Asia Standard Time elapsed time: 65.353842 seconds (0d 0h 1m 5s)

---------------  T H R E A D  ---------------

Current thread (0x000001fb21008f40):  JavaThread "C2 CompilerThread0" daemon [_thread_in_native, id=102260, stack(0x0000009a3f200000,0x0000009a3f300000) (1024K)]


Current CompileTask:
C2:  65353 12256   !   4       java.io.ObjectOutputStream::writeObject0 (620 bytes)

Stack: [0x0000009a3f200000,0x0000009a3f300000]
Native frames: (J=compiled Java code, j=interpreted, Vv=VM code, C=native code)
V  [jvm.dll+0x6ca6d9]
V  [jvm.dll+0x854f51]
V  [jvm.dll+0x85747e]
V  [jvm.dll+0x857b53]
V  [jvm.dll+0x27dcc6]
V  [jvm.dll+0xc4c2d]
V  [jvm.dll+0xc5163]
V  [jvm.dll+0x3b5122]
V  [jvm.dll+0x381855]
V  [jvm.dll+0x380cca]
V  [jvm.dll+0x246920]
V  [jvm.dll+0x245eff]
V  [jvm.dll+0x1c6d2e]
V  [jvm.dll+0x2554f9]
V  [jvm.dll+0x253a8a]
V  [jvm.dll+0x3ee576]
V  [jvm.dll+0x7ff2fb]
V  [jvm.dll+0x6c8dbd]
C  [ucrtbase.dll+0x37b0]
C  [KERNEL32.DLL+0x2e8d7]
C  [ntdll.dll+0x9c5dc]


---------------  P R O C E S S  ---------------

Threads class SMR info:
_java_thread_list=0x000001fb24f54350, length=194, elements={
0x000001fab9d7b060, 0x000001fadb1eca10, 0x000001fadb1ed660, 0x000001fadb1f27c0,
0x000001fadb1f36a0, 0x000001fadb1f6100, 0x000001fb21008090, 0x000001fb21008f40,
0x000001fadb1fe0b0, 0x000001fb2112a990, 0x000001fb212cea10, 0x000001fb22eff3e0,
0x000001fb22dfdf80, 0x000001fb22c36e10, 0x000001fb22ee8ee0, 0x000001fb23022fe0,
0x000001fb23035320, 0x000001fb23035980, 0x000001fb2304ea40, 0x000001fb23050b10,
0x000001fb2304f0d0, 0x000001fb230511a0, 0x000001fb23051830, 0x000001fb2304fdf0,
0x000001fb2304f760, 0x000001fb23050480, 0x000001fb2304e3b0, 0x000001fb24083510,
0x000001fb24080090, 0x000001fb24080720, 0x000001fb24081ad0, 0x000001fb24082e80,
0x000001fb24084230, 0x000001fb24083ba0, 0x000001fb24080db0, 0x000001fb24082160,
0x000001fb240848c0, 0x000001fb24081440, 0x000001fb24085c70, 0x000001fb24086990,
0x000001fb24086300, 0x000001fb240855e0, 0x000001fb24087020, 0x000001fb23874b90,
0x000001fb238786a0, 0x000001fb238765d0, 0x000001fb23876c60, 0x000001fb238772f0,
0x000001fb23877980, 0x000001fb238758b0, 0x000001fb23875220, 0x000001fb23878d30,
0x000001fb238793c0, 0x000001fb23875f40, 0x000001fb2387bb20, 0x000001fb23879a50,
0x000001fb2387a0e0, 0x000001fb2387a770, 0x000001fb2387ae00, 0x000001fb2387b490,
0x000001fb26962e50, 0x000001fb269606f0, 0x000001fb26960d80, 0x000001fb26961410,
0x000001fb26961aa0, 0x000001fb269634e0, 0x000001fb26962130, 0x000001fb26960060,
0x000001fb269627c0, 0x000001fb26404630, 0x000001fb26403fa0, 0x000001fb26402560,
0x000001fb26403910, 0x000001fb26404cc0, 0x000001fb26405350, 0x000001fb26401ed0,
0x000001fb26402bf0, 0x000001fb26403280, 0x000001fb267c1440, 0x000001fb267c0db0,
0x000001fb267c2e80, 0x000001fb267c27f0, 0x000001fb267c0090, 0x000001fb267bfa00,
0x000001fb267c3ba0, 0x000001fb267c1ad0, 0x000001fb267c2160, 0x000001fb267c3510,
0x000001fb267c0720, 0x000001fb267c4230, 0x000001fb267c55e0, 0x000001fb2139c480,
0x000001fb2139ebe0, 0x000001fb2139d1a0, 0x000001fb2139ff90, 0x000001fb2139f270,
0x000001fb2139f900, 0x000001fb2139d830, 0x000001fb2139cb10, 0x000001fb213a0620,
0x000001fb2139e550, 0x000001fb213a1340, 0x000001fb213a0cb0, 0x000001fb213a19d0,
0x000001fb213a3410, 0x000001fb213a2060, 0x000001fb213a26f0, 0x000001fb213a3aa0,
0x000001fb267c6300, 0x000001fb267c48c0, 0x000001fb267c7020, 0x000001fb213a2d80,
0x000001fb277abed0, 0x000001fb277acbf0, 0x000001fb277aecc0, 0x000001fb277ac560,
0x000001fb277af350, 0x000001fb277ae630, 0x000001fb277af9e0, 0x000001fb277b0070,
0x000001fb277b0700, 0x000001fb277ad280, 0x000001fb277adfa0, 0x000001fb277b0d90,
0x000001fb277ad910, 0x000001fb277b2140, 0x000001fb277b34f0, 0x000001fb277b27d0,
0x000001fb277b1420, 0x000001fb277b2e60, 0x000001fb277b1ab0, 0x000001fb21df9c50,
0x000001fb21dfb000, 0x000001fb21dfd760, 0x000001fb21dfca40, 0x000001fb21dfa2e0,
0x000001fb21dfd0d0, 0x000001fb21dfc3b0, 0x000001fb21dfddf0, 0x000001fb21dfb690,
0x000001fb21dfa970, 0x000001fb21dfeb10, 0x000001fb21dff1a0, 0x000001fb21dfe480,
0x000001fb21dfbd20, 0x000001fb21dff830, 0x000001fb21e00be0, 0x000001fb25ba4b50,
0x000001fb25ba9380, 0x000001fb25ba9a10, 0x000001fb25bab450, 0x000001fb25baa0a0,
0x000001fb25baa730, 0x000001fb25ba5870, 0x000001fb25ba51e0, 0x000001fb25ba44c0,
0x000001fb25ba7fd0, 0x000001fb25ba8660, 0x000001fb25ba6c20, 0x000001fb25ba6590,
0x000001fb25baadc0, 0x000001fb25ba7940, 0x000001fb25babae0, 0x000001fb21e00550,
0x000001fb21e01270, 0x000001fb21dffec0, 0x000001fb2139dec0, 0x000001fb26498650,
0x000001fb26499370, 0x000001fb26498ce0, 0x000001fb264972a0, 0x000001fb26499a00,
0x000001fb2649a090, 0x000001fb26497930, 0x000001fb2649a720, 0x000001fb2649adb0,
0x000001fb2649b440, 0x000001fb26497fc0, 0x000001fb2649bad0, 0x000001fb2649f5e0,
0x000001fb2649c160, 0x000001fb2649e8c0, 0x000001fb2649fc70, 0x000001fb2649c7f0,
0x000001fb2649e230, 0x000001fb264a0300, 0x000001fb2649ef50, 0x000001fb2649d510,
0x000001fb2649ce80, 0x000001fb264a0990, 0x000001fb264a1020, 0x000001fb2649dba0,
0x000001fb264a3e10, 0x000001fb2318ff60
}

Java Threads: ( => current thread )
  0x000001fab9d7b060 JavaThread "main"                              [_thread_blocked, id=117956, stack(0x0000009a3e400000,0x0000009a3e500000) (1024K)]
  0x000001fadb1eca10 JavaThread "Reference Handler"          daemon [_thread_blocked, id=23428, stack(0x0000009a3ec00000,0x0000009a3ed00000) (1024K)]
  0x000001fadb1ed660 JavaThread "Finalizer"                  daemon [_thread_blocked, id=37540, stack(0x0000009a3ed00000,0x0000009a3ee00000) (1024K)]
  0x000001fadb1f27c0 JavaThread "Signal Dispatcher"          daemon [_thread_blocked, id=109356, stack(0x0000009a3ee00000,0x0000009a3ef00000) (1024K)]
  0x000001fadb1f36a0 JavaThread "Attach Listener"            daemon [_thread_blocked, id=67028, stack(0x0000009a3ef00000,0x0000009a3f000000) (1024K)]
  0x000001fadb1f6100 JavaThread "Service Thread"             daemon [_thread_blocked, id=109572, stack(0x0000009a3f000000,0x0000009a3f100000) (1024K)]
  0x000001fb21008090 JavaThread "Monitor Deflation Thread"   daemon [_thread_blocked, id=105480, stack(0x0000009a3f100000,0x0000009a3f200000) (1024K)]
=>0x000001fb21008f40 JavaThread "C2 CompilerThread0"         daemon [_thread_in_native, id=102260, stack(0x0000009a3f200000,0x0000009a3f300000) (1024K)]
  0x000001fadb1fe0b0 JavaThread "C1 CompilerThread0"         daemon [_thread_blocked, id=2244, stack(0x0000009a3f300000,0x0000009a3f400000) (1024K)]
  0x000001fb2112a990 JavaThread "Common-Cleaner"             daemon [_thread_blocked, id=141104, stack(0x0000009a3f600000,0x0000009a3f700000) (1024K)]
  0x000001fb212cea10 JavaThread "Notification Thread"        daemon [_thread_blocked, id=42944, stack(0x0000009a3f900000,0x0000009a3fa00000) (1024K)]
  0x000001fb22eff3e0 JavaThread "Daemon health stats"               [_thread_blocked, id=81636, stack(0x0000009a40000000,0x0000009a40100000) (1024K)]
  0x000001fb22dfdf80 JavaThread "Incoming local TCP Connector on port 57084"        [_thread_in_native, id=92476, stack(0x0000009a40100000,0x0000009a40200000) (1024K)]
  0x000001fb22c36e10 JavaThread "Daemon periodic checks"            [_thread_blocked, id=138528, stack(0x0000009a40200000,0x0000009a40300000) (1024K)]
  0x000001fb22ee8ee0 JavaThread "Daemon"                            [_thread_blocked, id=115084, stack(0x0000009a40300000,0x0000009a40400000) (1024K)]
  0x000001fb23022fe0 JavaThread "Handler for socket connection from /127.0.0.1:57084 to /127.0.0.1:57085"        [_thread_in_native, id=67076, stack(0x0000009a40400000,0x0000009a40500000) (1024K)]
  0x000001fb23035320 JavaThread "Cancel handler"                    [_thread_blocked, id=84192, stack(0x0000009a40500000,0x0000009a40600000) (1024K)]
  0x000001fb23035980 JavaThread "Daemon worker"                     [_thread_in_Java, id=100152, stack(0x0000009a40600000,0x0000009a40700000) (1024K)]
  0x000001fb2304ea40 JavaThread "Asynchronous log dispatcher for DefaultDaemonConnection: socket connection from /127.0.0.1:57084 to /127.0.0.1:57085"        [_thread_blocked, id=96448, stack(0x0000009a40700000,0x0000009a40800000) (1024K)]
  0x000001fb23050b10 JavaThread "Stdin handler"                     [_thread_blocked, id=55620, stack(0x0000009a40800000,0x0000009a40900000) (1024K)]
  0x000001fb2304f0d0 JavaThread "Daemon client event forwarder"        [_thread_blocked, id=64484, stack(0x0000009a40900000,0x0000009a40a00000) (1024K)]
  0x000001fb230511a0 JavaThread "Cache worker for journal cache (C:\Users\ACER\.gradle\caches\journal-1)"        [_thread_blocked, id=27664, stack(0x0000009a41100000,0x0000009a41200000) (1024K)]
  0x000001fb23051830 JavaThread "File lock request listener"        [_thread_in_native, id=23244, stack(0x0000009a41200000,0x0000009a41300000) (1024K)]
  0x000001fb2304fdf0 JavaThread "Cache worker for file hash cache (C:\Users\ACER\.gradle\caches\8.10.2\fileHashes)"        [_thread_in_native, id=44476, stack(0x0000009a41300000,0x0000009a41400000) (1024K)]
  0x000001fb2304f760 JavaThread "Cache worker for file hash cache (D:\MYSTUDY\STUDY_PENS\Semester4\GSC\Nusa_app\android\.gradle\8.10.2\fileHashes)"        [_thread_blocked, id=116520, stack(0x0000009a41500000,0x0000009a41600000) (1024K)]
  0x000001fb23050480 JavaThread "Cache worker for Build Output Cleanup Cache (D:\MYSTUDY\STUDY_PENS\Semester4\GSC\Nusa_app\android\.gradle\buildOutputCleanup)"        [_thread_blocked, id=65504, stack(0x0000009a41600000,0x0000009a41700000) (1024K)]
  0x000001fb2304e3b0 JavaThread "File watcher server"        daemon [_thread_in_native, id=39828, stack(0x0000009a41700000,0x0000009a41800000) (1024K)]
  0x000001fb24083510 JavaThread "File watcher consumer"      daemon [_thread_blocked, id=38444, stack(0x0000009a41800000,0x0000009a41900000) (1024K)]
  0x000001fb24080090 JavaThread "jar transforms"                    [_thread_blocked, id=31316, stack(0x0000009a41900000,0x0000009a41a00000) (1024K)]
  0x000001fb24080720 JavaThread "jar transforms Thread 2"           [_thread_blocked, id=106120, stack(0x0000009a41a00000,0x0000009a41b00000) (1024K)]
  0x000001fb24081ad0 JavaThread "jar transforms Thread 3"           [_thread_blocked, id=71720, stack(0x0000009a41b00000,0x0000009a41c00000) (1024K)]
  0x000001fb24082e80 JavaThread "File lock release action executor"        [_thread_blocked, id=48800, stack(0x0000009a41d00000,0x0000009a41e00000) (1024K)]
  0x000001fb24084230 JavaThread "Cache worker for checksums cache (D:\MYSTUDY\STUDY_PENS\Semester4\GSC\Nusa_app\android\.gradle\8.10.2\checksums)"        [_thread_blocked, id=69736, stack(0x0000009a41e00000,0x0000009a41f00000) (1024K)]
  0x000001fb24083ba0 JavaThread "Cache worker for file content cache (C:\Users\ACER\.gradle\caches\8.10.2\fileContent)"        [_thread_blocked, id=45588, stack(0x0000009a41f00000,0x0000009a42000000) (1024K)]
  0x000001fb24080db0 JavaThread "Cache worker for cache directory md-rule (C:\Users\ACER\.gradle\caches\8.10.2\md-rule)"        [_thread_blocked, id=34400, stack(0x0000009a42000000,0x0000009a42100000) (1024K)]
  0x000001fb24082160 JavaThread "Cache worker for cache directory md-supplier (C:\Users\ACER\.gradle\caches\8.10.2\md-supplier)"        [_thread_blocked, id=27568, stack(0x0000009a42100000,0x0000009a42200000) (1024K)]
  0x000001fb240848c0 JavaThread "jar transforms Thread 4"           [_thread_blocked, id=12080, stack(0x0000009a42200000,0x0000009a42300000) (1024K)]
  0x000001fb24081440 JavaThread "jar transforms Thread 5"           [_thread_blocked, id=76696, stack(0x0000009a42300000,0x0000009a42400000) (1024K)]
  0x000001fb24085c70 JavaThread "jar transforms Thread 6"           [_thread_blocked, id=68120, stack(0x0000009a42500000,0x0000009a42600000) (1024K)]
  0x000001fb24086990 JavaThread "jar transforms Thread 7"           [_thread_blocked, id=135208, stack(0x0000009a42600000,0x0000009a42700000) (1024K)]
  0x000001fb24086300 JavaThread "jar transforms Thread 8"           [_thread_blocked, id=95964, stack(0x0000009a42700000,0x0000009a42800000) (1024K)]
  0x000001fb240855e0 JavaThread "jar transforms Thread 9"           [_thread_blocked, id=117080, stack(0x0000009a42800000,0x0000009a42900000) (1024K)]
  0x000001fb24087020 JavaThread "jar transforms Thread 10"          [_thread_blocked, id=16616, stack(0x0000009a42400000,0x0000009a42500000) (1024K)]
  0x000001fb23874b90 JavaThread "Cache worker for Build Output Cleanup Cache (C:\src\flutter\packages\flutter_tools\gradle\.gradle\buildOutputCleanup)"        [_thread_blocked, id=126996, stack(0x0000009a42900000,0x0000009a42a00000) (1024K)]
  0x000001fb238786a0 JavaThread "Unconstrained build operations"        [_thread_blocked, id=91172, stack(0x0000009a42a00000,0x0000009a42b00000) (1024K)]
  0x000001fb238765d0 JavaThread "Unconstrained build operations Thread 2"        [_thread_blocked, id=76444, stack(0x0000009a42b00000,0x0000009a42c00000) (1024K)]
  0x000001fb23876c60 JavaThread "Unconstrained build operations Thread 3"        [_thread_blocked, id=1748, stack(0x0000009a42c00000,0x0000009a42d00000) (1024K)]
  0x000001fb238772f0 JavaThread "Unconstrained build operations Thread 4"        [_thread_blocked, id=2912, stack(0x0000009a42d00000,0x0000009a42e00000) (1024K)]
  0x000001fb23877980 JavaThread "Unconstrained build operations Thread 5"        [_thread_blocked, id=99076, stack(0x0000009a42e00000,0x0000009a42f00000) (1024K)]
  0x000001fb238758b0 JavaThread "Unconstrained build operations Thread 6"        [_thread_blocked, id=72496, stack(0x0000009a42f00000,0x0000009a43000000) (1024K)]
  0x000001fb23875220 JavaThread "Unconstrained build operations Thread 7"        [_thread_blocked, id=40800, stack(0x0000009a43000000,0x0000009a43100000) (1024K)]
  0x000001fb23878d30 JavaThread "Unconstrained build operations Thread 8"        [_thread_blocked, id=113632, stack(0x0000009a43100000,0x0000009a43200000) (1024K)]
  0x000001fb238793c0 JavaThread "Unconstrained build operations Thread 9"        [_thread_blocked, id=38296, stack(0x0000009a43200000,0x0000009a43300000) (1024K)]
  0x000001fb23875f40 JavaThread "Unconstrained build operations Thread 10"        [_thread_blocked, id=118848, stack(0x0000009a43300000,0x0000009a43400000) (1024K)]
  0x000001fb2387bb20 JavaThread "Unconstrained build operations Thread 11"        [_thread_blocked, id=102840, stack(0x0000009a43400000,0x0000009a43500000) (1024K)]
  0x000001fb23879a50 JavaThread "Unconstrained build operations Thread 12"        [_thread_blocked, id=38104, stack(0x0000009a43500000,0x0000009a43600000) (1024K)]
  0x000001fb2387a0e0 JavaThread "Unconstrained build operations Thread 13"        [_thread_blocked, id=104832, stack(0x0000009a43600000,0x0000009a43700000) (1024K)]
  0x000001fb2387a770 JavaThread "Unconstrained build operations Thread 14"        [_thread_blocked, id=37268, stack(0x0000009a43700000,0x0000009a43800000) (1024K)]
  0x000001fb2387ae00 JavaThread "Unconstrained build operations Thread 15"        [_thread_blocked, id=77376, stack(0x0000009a43800000,0x0000009a43900000) (1024K)]
  0x000001fb2387b490 JavaThread "Unconstrained build operations Thread 16"        [_thread_blocked, id=115324, stack(0x0000009a43900000,0x0000009a43a00000) (1024K)]
  0x000001fb26962e50 JavaThread "Unconstrained build operations Thread 17"        [_thread_blocked, id=24048, stack(0x0000009a43a00000,0x0000009a43b00000) (1024K)]
  0x000001fb269606f0 JavaThread "Unconstrained build operations Thread 18"        [_thread_blocked, id=72752, stack(0x0000009a43b00000,0x0000009a43c00000) (1024K)]
  0x000001fb26960d80 JavaThread "Unconstrained build operations Thread 19"        [_thread_blocked, id=141068, stack(0x0000009a43c00000,0x0000009a43d00000) (1024K)]
  0x000001fb26961410 JavaThread "Unconstrained build operations Thread 20"        [_thread_blocked, id=102744, stack(0x0000009a43d00000,0x0000009a43e00000) (1024K)]
  0x000001fb26961aa0 JavaThread "Unconstrained build operations Thread 21"        [_thread_blocked, id=138608, stack(0x0000009a43e00000,0x0000009a43f00000) (1024K)]
  0x000001fb269634e0 JavaThread "Unconstrained build operations Thread 22"        [_thread_blocked, id=41452, stack(0x0000009a43f00000,0x0000009a44000000) (1024K)]
  0x000001fb26962130 JavaThread "Unconstrained build operations Thread 23"        [_thread_blocked, id=113132, stack(0x0000009a44000000,0x0000009a44100000) (1024K)]
  0x000001fb26960060 JavaThread "Unconstrained build operations Thread 24"        [_thread_blocked, id=145396, stack(0x0000009a44100000,0x0000009a44200000) (1024K)]
  0x000001fb269627c0 JavaThread "Unconstrained build operations Thread 25"        [_thread_blocked, id=12948, stack(0x0000009a44200000,0x0000009a44300000) (1024K)]
  0x000001fb26404630 JavaThread "Unconstrained build operations Thread 26"        [_thread_blocked, id=126208, stack(0x0000009a44300000,0x0000009a44400000) (1024K)]
  0x000001fb26403fa0 JavaThread "Unconstrained build operations Thread 27"        [_thread_blocked, id=104004, stack(0x0000009a44400000,0x0000009a44500000) (1024K)]
  0x000001fb26402560 JavaThread "Unconstrained build operations Thread 28"        [_thread_blocked, id=51768, stack(0x0000009a44500000,0x0000009a44600000) (1024K)]
  0x000001fb26403910 JavaThread "Unconstrained build operations Thread 29"        [_thread_blocked, id=97236, stack(0x0000009a44600000,0x0000009a44700000) (1024K)]
  0x000001fb26404cc0 JavaThread "Unconstrained build operations Thread 30"        [_thread_blocked, id=8536, stack(0x0000009a44700000,0x0000009a44800000) (1024K)]
  0x000001fb26405350 JavaThread "Unconstrained build operations Thread 31"        [_thread_blocked, id=90072, stack(0x0000009a44800000,0x0000009a44900000) (1024K)]
  0x000001fb26401ed0 JavaThread "Unconstrained build operations Thread 32"        [_thread_blocked, id=54748, stack(0x0000009a44900000,0x0000009a44a00000) (1024K)]
  0x000001fb26402bf0 JavaThread "Unconstrained build operations Thread 33"        [_thread_blocked, id=35356, stack(0x0000009a44a00000,0x0000009a44b00000) (1024K)]
  0x000001fb26403280 JavaThread "Unconstrained build operations Thread 34"        [_thread_blocked, id=117248, stack(0x0000009a44b00000,0x0000009a44c00000) (1024K)]
  0x000001fb267c1440 JavaThread "Unconstrained build operations Thread 35"        [_thread_blocked, id=97528, stack(0x0000009a44c00000,0x0000009a44d00000) (1024K)]
  0x000001fb267c0db0 JavaThread "Unconstrained build operations Thread 36"        [_thread_blocked, id=53588, stack(0x0000009a44d00000,0x0000009a44e00000) (1024K)]
  0x000001fb267c2e80 JavaThread "Unconstrained build operations Thread 37"        [_thread_blocked, id=74772, stack(0x0000009a44e00000,0x0000009a44f00000) (1024K)]
  0x000001fb267c27f0 JavaThread "Unconstrained build operations Thread 38"        [_thread_blocked, id=62196, stack(0x0000009a44f00000,0x0000009a45000000) (1024K)]
  0x000001fb267c0090 JavaThread "Unconstrained build operations Thread 39"        [_thread_blocked, id=26540, stack(0x0000009a45000000,0x0000009a45100000) (1024K)]
  0x000001fb267bfa00 JavaThread "Unconstrained build operations Thread 40"        [_thread_blocked, id=30808, stack(0x0000009a45100000,0x0000009a45200000) (1024K)]
  0x000001fb267c3ba0 JavaThread "Unconstrained build operations Thread 41"        [_thread_blocked, id=139492, stack(0x0000009a45200000,0x0000009a45300000) (1024K)]
  0x000001fb267c1ad0 JavaThread "Unconstrained build operations Thread 42"        [_thread_blocked, id=91036, stack(0x0000009a45300000,0x0000009a45400000) (1024K)]
  0x000001fb267c2160 JavaThread "Unconstrained build operations Thread 43"        [_thread_blocked, id=86240, stack(0x0000009a45400000,0x0000009a45500000) (1024K)]
  0x000001fb267c3510 JavaThread "Unconstrained build operations Thread 44"        [_thread_blocked, id=127316, stack(0x0000009a45500000,0x0000009a45600000) (1024K)]
  0x000001fb267c0720 JavaThread "Unconstrained build operations Thread 45"        [_thread_blocked, id=147220, stack(0x0000009a45600000,0x0000009a45700000) (1024K)]
  0x000001fb267c4230 JavaThread "Memory manager"                    [_thread_blocked, id=74580, stack(0x0000009a45700000,0x0000009a45800000) (1024K)]
  0x000001fb267c55e0 JavaThread "build event listener"              [_thread_blocked, id=79588, stack(0x0000009a45800000,0x0000009a45900000) (1024K)]
  0x000001fb2139c480 JavaThread "included builds"                   [_thread_blocked, id=61652, stack(0x0000009a45900000,0x0000009a45a00000) (1024K)]
  0x000001fb2139ebe0 JavaThread "Execution worker"                  [_thread_blocked, id=31828, stack(0x0000009a45a00000,0x0000009a45b00000) (1024K)]
  0x000001fb2139d1a0 JavaThread "Execution worker Thread 2"         [_thread_blocked, id=73044, stack(0x0000009a45b00000,0x0000009a45c00000) (1024K)]
  0x000001fb2139ff90 JavaThread "Execution worker Thread 3"         [_thread_blocked, id=136544, stack(0x0000009a45c00000,0x0000009a45d00000) (1024K)]
  0x000001fb2139f270 JavaThread "Execution worker Thread 4"         [_thread_blocked, id=107816, stack(0x0000009a45d00000,0x0000009a45e00000) (1024K)]
  0x000001fb2139f900 JavaThread "Execution worker Thread 5"         [_thread_blocked, id=67624, stack(0x0000009a45e00000,0x0000009a45f00000) (1024K)]
  0x000001fb2139d830 JavaThread "Execution worker Thread 6"         [_thread_blocked, id=93796, stack(0x0000009a45f00000,0x0000009a46000000) (1024K)]
  0x000001fb2139cb10 JavaThread "Execution worker Thread 7"         [_thread_blocked, id=102880, stack(0x0000009a46000000,0x0000009a46100000) (1024K)]
  0x000001fb213a0620 JavaThread "Execution worker Thread 8"         [_thread_blocked, id=71852, stack(0x0000009a46100000,0x0000009a46200000) (1024K)]
  0x000001fb2139e550 JavaThread "Execution worker Thread 9"         [_thread_blocked, id=24744, stack(0x0000009a46200000,0x0000009a46300000) (1024K)]
  0x000001fb213a1340 JavaThread "Execution worker Thread 10"        [_thread_blocked, id=137616, stack(0x0000009a46300000,0x0000009a46400000) (1024K)]
  0x000001fb213a0cb0 JavaThread "Execution worker Thread 11"        [_thread_blocked, id=108120, stack(0x0000009a46400000,0x0000009a46500000) (1024K)]
  0x000001fb213a19d0 JavaThread "Execution worker Thread 12"        [_thread_blocked, id=42052, stack(0x0000009a46500000,0x0000009a46600000) (1024K)]
  0x000001fb213a3410 JavaThread "Execution worker Thread 13"        [_thread_blocked, id=67976, stack(0x0000009a46600000,0x0000009a46700000) (1024K)]
  0x000001fb213a2060 JavaThread "Execution worker Thread 14"        [_thread_blocked, id=35000, stack(0x0000009a46700000,0x0000009a46800000) (1024K)]
  0x000001fb213a26f0 JavaThread "Execution worker Thread 15"        [_thread_blocked, id=139428, stack(0x0000009a46800000,0x0000009a46900000) (1024K)]
  0x000001fb213a3aa0 JavaThread "Cache worker for execution history cache (C:\src\flutter\packages\flutter_tools\gradle\.gradle\8.10.2\executionHistory)"        [_thread_blocked, id=146144, stack(0x0000009a46900000,0x0000009a46a00000) (1024K)]
  0x000001fb267c6300 JavaThread "Unconstrained build operations Thread 46"        [_thread_blocked, id=95488, stack(0x0000009a41c00000,0x0000009a41d00000) (1024K)]
  0x000001fb267c48c0 JavaThread "Unconstrained build operations Thread 47"        [_thread_blocked, id=50668, stack(0x0000009a46a00000,0x0000009a46b00000) (1024K)]
  0x000001fb267c7020 JavaThread "Unconstrained build operations Thread 48"        [_thread_blocked, id=9500, stack(0x0000009a46b00000,0x0000009a46c00000) (1024K)]
  0x000001fb213a2d80 JavaThread "Unconstrained build operations Thread 49"        [_thread_blocked, id=10764, stack(0x0000009a46c00000,0x0000009a46d00000) (1024K)]
  0x000001fb277abed0 JavaThread "Unconstrained build operations Thread 50"        [_thread_blocked, id=96240, stack(0x0000009a46d00000,0x0000009a46e00000) (1024K)]
  0x000001fb277acbf0 JavaThread "Unconstrained build operations Thread 51"        [_thread_blocked, id=116388, stack(0x0000009a46e00000,0x0000009a46f00000) (1024K)]
  0x000001fb277aecc0 JavaThread "Unconstrained build operations Thread 52"        [_thread_blocked, id=76016, stack(0x0000009a46f00000,0x0000009a47000000) (1024K)]
  0x000001fb277ac560 JavaThread "Unconstrained build operations Thread 53"        [_thread_blocked, id=136624, stack(0x0000009a47000000,0x0000009a47100000) (1024K)]
  0x000001fb277af350 JavaThread "Unconstrained build operations Thread 54"        [_thread_blocked, id=48132, stack(0x0000009a47100000,0x0000009a47200000) (1024K)]
  0x000001fb277ae630 JavaThread "Unconstrained build operations Thread 55"        [_thread_blocked, id=26520, stack(0x0000009a47200000,0x0000009a47300000) (1024K)]
  0x000001fb277af9e0 JavaThread "Unconstrained build operations Thread 56"        [_thread_blocked, id=92424, stack(0x0000009a47300000,0x0000009a47400000) (1024K)]
  0x000001fb277b0070 JavaThread "Unconstrained build operations Thread 57"        [_thread_blocked, id=145976, stack(0x0000009a47400000,0x0000009a47500000) (1024K)]
  0x000001fb277b0700 JavaThread "Unconstrained build operations Thread 58"        [_thread_blocked, id=53188, stack(0x0000009a47500000,0x0000009a47600000) (1024K)]
  0x000001fb277ad280 JavaThread "Unconstrained build operations Thread 59"        [_thread_blocked, id=98432, stack(0x0000009a47600000,0x0000009a47700000) (1024K)]
  0x000001fb277adfa0 JavaThread "Unconstrained build operations Thread 60"        [_thread_blocked, id=74648, stack(0x0000009a47700000,0x0000009a47800000) (1024K)]
  0x000001fb277b0d90 JavaThread "Unconstrained build operations Thread 61"        [_thread_blocked, id=16224, stack(0x0000009a47800000,0x0000009a47900000) (1024K)]
  0x000001fb277ad910 JavaThread "Unconstrained build operations Thread 62"        [_thread_blocked, id=94460, stack(0x0000009a47900000,0x0000009a47a00000) (1024K)]
  0x000001fb277b2140 JavaThread "Unconstrained build operations Thread 63"        [_thread_blocked, id=88020, stack(0x0000009a47a00000,0x0000009a47b00000) (1024K)]
  0x000001fb277b34f0 JavaThread "Unconstrained build operations Thread 64"        [_thread_blocked, id=61064, stack(0x0000009a47b00000,0x0000009a47c00000) (1024K)]
  0x000001fb277b27d0 JavaThread "Unconstrained build operations Thread 65"        [_thread_blocked, id=105356, stack(0x0000009a47c00000,0x0000009a47d00000) (1024K)]
  0x000001fb277b1420 JavaThread "Unconstrained build operations Thread 66"        [_thread_blocked, id=59908, stack(0x0000009a47d00000,0x0000009a47e00000) (1024K)]
  0x000001fb277b2e60 JavaThread "Unconstrained build operations Thread 67"        [_thread_blocked, id=37992, stack(0x0000009a47e00000,0x0000009a47f00000) (1024K)]
  0x000001fb277b1ab0 JavaThread "Unconstrained build operations Thread 68"        [_thread_blocked, id=103200, stack(0x0000009a47f00000,0x0000009a48000000) (1024K)]
  0x000001fb21df9c50 JavaThread "Unconstrained build operations Thread 69"        [_thread_blocked, id=96236, stack(0x0000009a48000000,0x0000009a48100000) (1024K)]
  0x000001fb21dfb000 JavaThread "Unconstrained build operations Thread 70"        [_thread_blocked, id=65816, stack(0x0000009a48100000,0x0000009a48200000) (1024K)]
  0x000001fb21dfd760 JavaThread "Unconstrained build operations Thread 71"        [_thread_blocked, id=40680, stack(0x0000009a48200000,0x0000009a48300000) (1024K)]
  0x000001fb21dfca40 JavaThread "Unconstrained build operations Thread 72"        [_thread_blocked, id=107248, stack(0x0000009a48300000,0x0000009a48400000) (1024K)]
  0x000001fb21dfa2e0 JavaThread "Unconstrained build operations Thread 73"        [_thread_blocked, id=36432, stack(0x0000009a48400000,0x0000009a48500000) (1024K)]
  0x000001fb21dfd0d0 JavaThread "Unconstrained build operations Thread 74"        [_thread_blocked, id=19656, stack(0x0000009a48500000,0x0000009a48600000) (1024K)]
  0x000001fb21dfc3b0 JavaThread "Unconstrained build operations Thread 75"        [_thread_blocked, id=60628, stack(0x0000009a48600000,0x0000009a48700000) (1024K)]
  0x000001fb21dfddf0 JavaThread "Unconstrained build operations Thread 76"        [_thread_blocked, id=137308, stack(0x0000009a48700000,0x0000009a48800000) (1024K)]
  0x000001fb21dfb690 JavaThread "Unconstrained build operations Thread 77"        [_thread_blocked, id=130136, stack(0x0000009a48800000,0x0000009a48900000) (1024K)]
  0x000001fb21dfa970 JavaThread "Unconstrained build operations Thread 78"        [_thread_blocked, id=16444, stack(0x0000009a48900000,0x0000009a48a00000) (1024K)]
  0x000001fb21dfeb10 JavaThread "Unconstrained build operations Thread 79"        [_thread_blocked, id=59748, stack(0x0000009a48a00000,0x0000009a48b00000) (1024K)]
  0x000001fb21dff1a0 JavaThread "Unconstrained build operations Thread 80"        [_thread_blocked, id=67860, stack(0x0000009a48b00000,0x0000009a48c00000) (1024K)]
  0x000001fb21dfe480 JavaThread "Unconstrained build operations Thread 81"        [_thread_blocked, id=114816, stack(0x0000009a48c00000,0x0000009a48d00000) (1024K)]
  0x000001fb21dfbd20 JavaThread "Unconstrained build operations Thread 82"        [_thread_blocked, id=133708, stack(0x0000009a48d00000,0x0000009a48e00000) (1024K)]
  0x000001fb21dff830 JavaThread "Unconstrained build operations Thread 83"        [_thread_blocked, id=95256, stack(0x0000009a48e00000,0x0000009a48f00000) (1024K)]
  0x000001fb21e00be0 JavaThread "Unconstrained build operations Thread 84"        [_thread_blocked, id=83472, stack(0x0000009a48f00000,0x0000009a49000000) (1024K)]
  0x000001fb25ba4b50 JavaThread "WorkerExecutor Queue"              [_thread_blocked, id=51416, stack(0x0000009a41400000,0x0000009a41500000) (1024K)]
  0x000001fb25ba9380 JavaThread "RMI Scheduler(0)"           daemon [_thread_blocked, id=114912, stack(0x0000009a49000000,0x0000009a49100000) (1024K)]
  0x000001fb25ba9a10 JavaThread "RMI GC Daemon"              daemon [_thread_blocked, id=54324, stack(0x0000009a49200000,0x0000009a49300000) (1024K)]
  0x000001fb25bab450 JavaThread "RMI TCP Accept-0"           daemon [_thread_in_native, id=46916, stack(0x0000009a49300000,0x0000009a49400000) (1024K)]
  0x000001fb25baa0a0 JavaThread "RMI Reaper"                        [_thread_blocked, id=42936, stack(0x0000009a49400000,0x0000009a49500000) (1024K)]
  0x000001fb25baa730 JavaThread "RMI TCP Connection(1)-127.0.0.1" daemon [_thread_in_native, id=136452, stack(0x0000009a49500000,0x0000009a49600000) (1024K)]
  0x000001fb25ba5870 JavaThread "Incoming local TCP Connector on port 57220"        [_thread_blocked, id=83728, stack(0x0000009a49700000,0x0000009a49800000) (1024K)]
  0x000001fb25ba51e0 JavaThread "Exec process"                      [_thread_in_native, id=130864, stack(0x0000009a49800000,0x0000009a49900000) (1024K)]
  0x000001fb25ba44c0 JavaThread "Exec process Thread 2"             [_thread_blocked, id=147516, stack(0x0000009a49a00000,0x0000009a49b00000) (1024K)]
  0x000001fb25ba7fd0 JavaThread "Exec process Thread 3"             [_thread_in_native, id=135352, stack(0x0000009a49b00000,0x0000009a49c00000) (1024K)]
  0x000001fb25ba8660 JavaThread "Exec process Thread 4"             [_thread_in_native, id=91696, stack(0x0000009a49c00000,0x0000009a49d00000) (1024K)]
  0x000001fb25ba6c20 JavaThread "/127.0.0.1:57220 to /127.0.0.1:57221 workers"        [_thread_blocked, id=126764, stack(0x0000009a3ff00000,0x0000009a40000000) (1024K)]
  0x000001fb25ba6590 JavaThread "/127.0.0.1:57220 to /127.0.0.1:57221 workers Thread 2"        [_thread_blocked, id=66128, stack(0x0000009a49900000,0x0000009a49a00000) (1024K)]
  0x000001fb25baadc0 JavaThread "/127.0.0.1:57220 to /127.0.0.1:57221 workers Thread 3"        [_thread_blocked, id=95316, stack(0x0000009a49d00000,0x0000009a49e00000) (1024K)]
  0x000001fb25ba7940 JavaThread "/127.0.0.1:57220 to /127.0.0.1:57221 workers Thread 4"        [_thread_blocked, id=14032, stack(0x0000009a49e00000,0x0000009a49f00000) (1024K)]
  0x000001fb25babae0 JavaThread "/127.0.0.1:57220 to /127.0.0.1:57221 workers Thread 5"        [_thread_blocked, id=126136, stack(0x0000009a49f00000,0x0000009a4a000000) (1024K)]
  0x000001fb21e00550 JavaThread "Unconstrained build operations Thread 85"        [_thread_blocked, id=72800, stack(0x0000009a49600000,0x0000009a49700000) (1024K)]
  0x000001fb21e01270 JavaThread "Unconstrained build operations Thread 86"        [_thread_blocked, id=13168, stack(0x0000009a4a000000,0x0000009a4a100000) (1024K)]
  0x000001fb21dffec0 JavaThread "Unconstrained build operations Thread 87"        [_thread_blocked, id=135408, stack(0x0000009a4a100000,0x0000009a4a200000) (1024K)]
  0x000001fb2139dec0 JavaThread "Unconstrained build operations Thread 88"        [_thread_blocked, id=2736, stack(0x0000009a4a200000,0x0000009a4a300000) (1024K)]
  0x000001fb26498650 JavaThread "Unconstrained build operations Thread 89"        [_thread_blocked, id=88120, stack(0x0000009a4a300000,0x0000009a4a400000) (1024K)]
  0x000001fb26499370 JavaThread "Unconstrained build operations Thread 90"        [_thread_blocked, id=108144, stack(0x0000009a4a400000,0x0000009a4a500000) (1024K)]
  0x000001fb26498ce0 JavaThread "Unconstrained build operations Thread 91"        [_thread_blocked, id=105712, stack(0x0000009a4a500000,0x0000009a4a600000) (1024K)]
  0x000001fb264972a0 JavaThread "Unconstrained build operations Thread 92"        [_thread_blocked, id=132800, stack(0x0000009a4a600000,0x0000009a4a700000) (1024K)]
  0x000001fb26499a00 JavaThread "Unconstrained build operations Thread 93"        [_thread_blocked, id=9124, stack(0x0000009a4a700000,0x0000009a4a800000) (1024K)]
  0x000001fb2649a090 JavaThread "Unconstrained build operations Thread 94"        [_thread_blocked, id=16712, stack(0x0000009a4a800000,0x0000009a4a900000) (1024K)]
  0x000001fb26497930 JavaThread "Unconstrained build operations Thread 95"        [_thread_blocked, id=69832, stack(0x0000009a4a900000,0x0000009a4aa00000) (1024K)]
  0x000001fb2649a720 JavaThread "Unconstrained build operations Thread 96"        [_thread_blocked, id=51112, stack(0x0000009a4aa00000,0x0000009a4ab00000) (1024K)]
  0x000001fb2649adb0 JavaThread "Unconstrained build operations Thread 97"        [_thread_blocked, id=131576, stack(0x0000009a4ab00000,0x0000009a4ac00000) (1024K)]
  0x000001fb2649b440 JavaThread "Unconstrained build operations Thread 98"        [_thread_blocked, id=110244, stack(0x0000009a4ac00000,0x0000009a4ad00000) (1024K)]
  0x000001fb26497fc0 JavaThread "Unconstrained build operations Thread 99"        [_thread_blocked, id=66916, stack(0x0000009a4ad00000,0x0000009a4ae00000) (1024K)]
  0x000001fb2649bad0 JavaThread "Unconstrained build operations Thread 100"        [_thread_blocked, id=64148, stack(0x0000009a49100000,0x0000009a49200000) (1024K)]
  0x000001fb2649f5e0 JavaThread "Unconstrained build operations Thread 101"        [_thread_blocked, id=91420, stack(0x0000009a4af00000,0x0000009a4b000000) (1024K)]
  0x000001fb2649c160 JavaThread "Unconstrained build operations Thread 102"        [_thread_blocked, id=25540, stack(0x0000009a4b000000,0x0000009a4b100000) (1024K)]
  0x000001fb2649e8c0 JavaThread "Unconstrained build operations Thread 103"        [_thread_blocked, id=44800, stack(0x0000009a4b100000,0x0000009a4b200000) (1024K)]
  0x000001fb2649fc70 JavaThread "Unconstrained build operations Thread 104"        [_thread_blocked, id=90832, stack(0x0000009a4b200000,0x0000009a4b300000) (1024K)]
  0x000001fb2649c7f0 JavaThread "Unconstrained build operations Thread 105"        [_thread_blocked, id=89468, stack(0x0000009a4b300000,0x0000009a4b400000) (1024K)]
  0x000001fb2649e230 JavaThread "Unconstrained build operations Thread 106"        [_thread_blocked, id=142964, stack(0x0000009a4b400000,0x0000009a4b500000) (1024K)]
  0x000001fb264a0300 JavaThread "Unconstrained build operations Thread 107"        [_thread_blocked, id=63484, stack(0x0000009a4b500000,0x0000009a4b600000) (1024K)]
  0x000001fb2649ef50 JavaThread "Unconstrained build operations Thread 108"        [_thread_blocked, id=103184, stack(0x0000009a4b600000,0x0000009a4b700000) (1024K)]
  0x000001fb2649d510 JavaThread "Unconstrained build operations Thread 109"        [_thread_blocked, id=47848, stack(0x0000009a4b700000,0x0000009a4b800000) (1024K)]
  0x000001fb2649ce80 JavaThread "Unconstrained build operations Thread 110"        [_thread_blocked, id=84808, stack(0x0000009a4b800000,0x0000009a4b900000) (1024K)]
  0x000001fb264a0990 JavaThread "Unconstrained build operations Thread 111"        [_thread_blocked, id=84836, stack(0x0000009a4b900000,0x0000009a4ba00000) (1024K)]
  0x000001fb264a1020 JavaThread "Unconstrained build operations Thread 112"        [_thread_blocked, id=140804, stack(0x0000009a4ba00000,0x0000009a4bb00000) (1024K)]
  0x000001fb2649dba0 JavaThread "Unconstrained build operations Thread 113"        [_thread_blocked, id=68192, stack(0x0000009a4bb00000,0x0000009a4bc00000) (1024K)]
  0x000001fb264a3e10 JavaThread "Unconstrained build operations Thread 114"        [_thread_in_native, id=130584, stack(0x0000009a4bc00000,0x0000009a4bd00000) (1024K)]
  0x000001fb2318ff60 JavaThread "C2 CompilerThread1"         daemon [_thread_in_native, id=117424, stack(0x0000009a3e300000,0x0000009a3e400000) (1024K)]
Total: 194

Other Threads:
  0x000001fadb1ce7a0 VMThread "VM Thread"                           [id=15740, stack(0x0000009a3eb00000,0x0000009a3ec00000) (1024K)]
  0x000001fadb1bb660 WatcherThread "VM Periodic Task Thread"        [id=29344, stack(0x0000009a3ea00000,0x0000009a3eb00000) (1024K)]
  0x000001faba037d90 WorkerThread "GC Thread#0"                     [id=77200, stack(0x0000009a3e500000,0x0000009a3e600000) (1024K)]
  0x000001fb21599af0 WorkerThread "GC Thread#1"                     [id=45356, stack(0x0000009a3fa00000,0x0000009a3fb00000) (1024K)]
  0x000001fb21749320 WorkerThread "GC Thread#2"                     [id=113136, stack(0x0000009a3fb00000,0x0000009a3fc00000) (1024K)]
  0x000001fb217496c0 WorkerThread "GC Thread#3"                     [id=87372, stack(0x0000009a3fc00000,0x0000009a3fd00000) (1024K)]
  0x000001fb21777ae0 WorkerThread "GC Thread#4"                     [id=79632, stack(0x0000009a3fd00000,0x0000009a3fe00000) (1024K)]
  0x000001fb21777e80 WorkerThread "GC Thread#5"                     [id=71320, stack(0x0000009a3fe00000,0x0000009a3ff00000) (1024K)]
  0x000001fb230af500 WorkerThread "GC Thread#6"                     [id=96340, stack(0x0000009a40a00000,0x0000009a40b00000) (1024K)]
  0x000001fb230e1f10 WorkerThread "GC Thread#7"                     [id=141704, stack(0x0000009a40b00000,0x0000009a40c00000) (1024K)]
  0x000001fb230d5c30 WorkerThread "GC Thread#8"                     [id=27456, stack(0x0000009a40c00000,0x0000009a40d00000) (1024K)]
  0x000001fb2310cfb0 WorkerThread "GC Thread#9"                     [id=102200, stack(0x0000009a40d00000,0x0000009a40e00000) (1024K)]
  0x000001fb2310e910 WorkerThread "GC Thread#10"                    [id=109124, stack(0x0000009a40e00000,0x0000009a40f00000) (1024K)]
  0x000001fb2310e1d0 WorkerThread "GC Thread#11"                    [id=91452, stack(0x0000009a40f00000,0x0000009a41000000) (1024K)]
  0x000001fb2310da90 WorkerThread "GC Thread#12"                    [id=99604, stack(0x0000009a41000000,0x0000009a41100000) (1024K)]
  0x000001faba04ae60 ConcurrentGCThread "G1 Main Marker"            [id=108584, stack(0x0000009a3e600000,0x0000009a3e700000) (1024K)]
  0x000001faba04b710 WorkerThread "G1 Conc#0"                       [id=142348, stack(0x0000009a3e700000,0x0000009a3e800000) (1024K)]
  0x000001fb24771010 WorkerThread "G1 Conc#1"                       [id=98828, stack(0x0000009a3f700000,0x0000009a3f800000) (1024K)]
  0x000001fb2476ef70 WorkerThread "G1 Conc#2"                       [id=139124, stack(0x0000009a3f800000,0x0000009a3f900000) (1024K)]
  0x000001fadb090490 ConcurrentGCThread "G1 Refine#0"               [id=136168, stack(0x0000009a3e800000,0x0000009a3e900000) (1024K)]
  0x000001fadb092cc0 ConcurrentGCThread "G1 Service"                [id=39352, stack(0x0000009a3e900000,0x0000009a3ea00000) (1024K)]
Total: 21

Threads with active compile tasks:
C2 CompilerThread0    65391 12256   !   4       java.io.ObjectOutputStream::writeObject0 (620 bytes)
C2 CompilerThread1    65391 12303       4       java.io.ObjectOutputStream$BlockDataOutputStream::drain (45 bytes)
Total: 2

VM state: not at safepoint (normal execution)

VM Mutex/Monitor currently owned by a thread: None

Heap address: 0x0000000700000000, size: 4096 MB, Compressed Oops mode: Zero based, Oop shift amount: 3

CDS archive(s) mapped at: [0x000001fadc000000-0x000001fadcc90000-0x000001fadcc90000), size 13172736, SharedBaseAddress: 0x000001fadc000000, ArchiveRelocationMode: 1.
Compressed class space mapped at: 0x000001fadd000000-0x000001fb1d000000, reserved size: 1073741824
Narrow klass base: 0x000001fadc000000, Narrow klass shift: 0, Narrow klass range: 0x100000000

GC Precious Log:
 CardTable entry size: 512
 Card Set container configuration: InlinePtr #cards 4 size 8 Array Of Cards #cards 16 size 48 Howl #buckets 8 coarsen threshold 3686 Howl Bitmap #cards 512 size 80 coarsen threshold 460 Card regions per heap region 1 cards per card region 4096
 CPUs: 16 total, 16 available
 Memory: 16088M
 Large Page Support: Disabled
 NUMA Support: Disabled
 Compressed Oops: Enabled (Zero based)
 Heap Region Size: 2M
 Heap Min Capacity: 8M
 Heap Initial Capacity: 252M
 Heap Max Capacity: 4G
 Pre-touch: Disabled
 Parallel Workers: 13
 Concurrent Workers: 3
 Concurrent Refinement Workers: 13
 Periodic GC: Disabled

Heap:
 garbage-first heap   total 147456K, used 124032K [0x0000000700000000, 0x0000000800000000)
  region size 2048K, 21 young (43008K), 3 survivors (6144K)
 Metaspace       used 80798K, committed 83136K, reserved 1179648K
  class space    used 11347K, committed 12544K, reserved 1048576K

Heap Regions: E=young(eden), S=young(survivor), O=old, HS=humongous(starts), HC=humongous(continues), CS=collection set, F=free, TAMS=top-at-mark-start, PB=parsable bottom
|   0|0x0000000700000000, 0x0000000700200000, 0x0000000700200000|100%|HS|  |TAMS 0x0000000700000000| PB 0x0000000700000000| Complete 
|   1|0x0000000700200000, 0x0000000700400000, 0x0000000700400000|100%|HC|  |TAMS 0x0000000700200000| PB 0x0000000700200000| Complete 
|   2|0x0000000700400000, 0x0000000700600000, 0x0000000700600000|100%| O|  |TAMS 0x0000000700400000| PB 0x0000000700400000| Untracked 
|   3|0x0000000700600000, 0x0000000700800000, 0x0000000700800000|100%| O|  |TAMS 0x0000000700600000| PB 0x0000000700600000| Untracked 
|   4|0x0000000700800000, 0x0000000700a00000, 0x0000000700a00000|100%| O|  |TAMS 0x0000000700800000| PB 0x0000000700800000| Untracked 
|   5|0x0000000700a00000, 0x0000000700c00000, 0x0000000700c00000|100%| O|  |TAMS 0x0000000700a00000| PB 0x0000000700a00000| Untracked 
|   6|0x0000000700c00000, 0x0000000700e00000, 0x0000000700e00000|100%| O|  |TAMS 0x0000000700c00000| PB 0x0000000700c00000| Untracked 
|   7|0x0000000700e00000, 0x0000000701000000, 0x0000000701000000|100%| O|  |TAMS 0x0000000700e00000| PB 0x0000000700e00000| Untracked 
|   8|0x0000000701000000, 0x0000000701200000, 0x0000000701200000|100%| O|  |TAMS 0x0000000701000000| PB 0x0000000701000000| Untracked 
|   9|0x0000000701200000, 0x0000000701400000, 0x0000000701400000|100%| O|  |TAMS 0x0000000701200000| PB 0x0000000701200000| Untracked 
|  10|0x0000000701400000, 0x0000000701600000, 0x0000000701600000|100%| O|  |TAMS 0x0000000701400000| PB 0x0000000701400000| Untracked 
|  11|0x0000000701600000, 0x0000000701800000, 0x0000000701800000|100%| O|  |TAMS 0x0000000701600000| PB 0x0000000701600000| Untracked 
|  12|0x0000000701800000, 0x0000000701a00000, 0x0000000701a00000|100%| O|  |TAMS 0x0000000701800000| PB 0x0000000701800000| Untracked 
|  13|0x0000000701a00000, 0x0000000701c00000, 0x0000000701c00000|100%| O|  |TAMS 0x0000000701a00000| PB 0x0000000701a00000| Untracked 
|  14|0x0000000701c00000, 0x0000000701e00000, 0x0000000701e00000|100%| O|  |TAMS 0x0000000701c00000| PB 0x0000000701c00000| Untracked 
|  15|0x0000000701e00000, 0x0000000702000000, 0x0000000702000000|100%| O|  |TAMS 0x0000000701e00000| PB 0x0000000701e00000| Untracked 
|  16|0x0000000702000000, 0x0000000702200000, 0x0000000702200000|100%| O|  |TAMS 0x0000000702000000| PB 0x0000000702000000| Untracked 
|  17|0x0000000702200000, 0x0000000702400000, 0x0000000702400000|100%|HS|  |TAMS 0x0000000702200000| PB 0x0000000702200000| Complete 
|  18|0x0000000702400000, 0x0000000702600000, 0x0000000702600000|100%| O|  |TAMS 0x0000000702400000| PB 0x0000000702400000| Untracked 
|  19|0x0000000702600000, 0x0000000702800000, 0x0000000702800000|100%|HS|  |TAMS 0x0000000702600000| PB 0x0000000702600000| Complete 
|  20|0x0000000702800000, 0x0000000702a00000, 0x0000000702a00000|100%| O|  |TAMS 0x0000000702800000| PB 0x0000000702800000| Untracked 
|  21|0x0000000702a00000, 0x0000000702c00000, 0x0000000702c00000|100%| O|  |TAMS 0x0000000702a00000| PB 0x0000000702a00000| Untracked 
|  22|0x0000000702c00000, 0x0000000702c00000, 0x0000000702e00000|  0%| F|  |TAMS 0x0000000702c00000| PB 0x0000000702c00000| Untracked 
|  23|0x0000000702e00000, 0x0000000702e00000, 0x0000000703000000|  0%| F|  |TAMS 0x0000000702e00000| PB 0x0000000702e00000| Untracked 
|  24|0x0000000703000000, 0x0000000703200000, 0x0000000703200000|100%|HS|  |TAMS 0x0000000703000000| PB 0x0000000703000000| Complete 
|  25|0x0000000703200000, 0x0000000703400000, 0x0000000703400000|100%|HC|  |TAMS 0x0000000703200000| PB 0x0000000703200000| Complete 
|  26|0x0000000703400000, 0x0000000703600000, 0x0000000703600000|100%| O|  |TAMS 0x0000000703400000| PB 0x0000000703400000| Untracked 
|  27|0x0000000703600000, 0x0000000703800000, 0x0000000703800000|100%|HS|  |TAMS 0x0000000703600000| PB 0x0000000703600000| Complete 
|  28|0x0000000703800000, 0x0000000703a00000, 0x0000000703a00000|100%|HC|  |TAMS 0x0000000703800000| PB 0x0000000703800000| Complete 
|  29|0x0000000703a00000, 0x0000000703c00000, 0x0000000703c00000|100%| O|  |TAMS 0x0000000703a00000| PB 0x0000000703a00000| Untracked 
|  30|0x0000000703c00000, 0x0000000703e00000, 0x0000000703e00000|100%| O|  |TAMS 0x0000000703c00000| PB 0x0000000703c00000| Untracked 
|  31|0x0000000703e00000, 0x0000000704000000, 0x0000000704000000|100%| O|  |TAMS 0x0000000703e00000| PB 0x0000000703e00000| Untracked 
|  32|0x0000000704000000, 0x0000000704200000, 0x0000000704200000|100%| O|  |TAMS 0x0000000704000000| PB 0x0000000704000000| Untracked 
|  33|0x0000000704200000, 0x0000000704400000, 0x0000000704400000|100%| O|  |TAMS 0x0000000704200000| PB 0x0000000704200000| Untracked 
|  34|0x0000000704400000, 0x0000000704600000, 0x0000000704600000|100%| O|  |TAMS 0x0000000704400000| PB 0x0000000704400000| Untracked 
|  35|0x0000000704600000, 0x0000000704720348, 0x0000000704800000| 56%| O|  |TAMS 0x0000000704600000| PB 0x0000000704600000| Untracked 
|  36|0x0000000704800000, 0x0000000704a00000, 0x0000000704a00000|100%| O|  |TAMS 0x0000000704800000| PB 0x0000000704800000| Untracked 
|  37|0x0000000704a00000, 0x0000000704c00000, 0x0000000704c00000|100%| O|  |TAMS 0x0000000704a00000| PB 0x0000000704a00000| Untracked 
|  38|0x0000000704c00000, 0x0000000704c00000, 0x0000000704e00000|  0%| F|  |TAMS 0x0000000704c00000| PB 0x0000000704c00000| Untracked 
|  39|0x0000000704e00000, 0x0000000704e00000, 0x0000000705000000|  0%| F|  |TAMS 0x0000000704e00000| PB 0x0000000704e00000| Untracked 
|  40|0x0000000705000000, 0x0000000705000000, 0x0000000705200000|  0%| F|  |TAMS 0x0000000705000000| PB 0x0000000705000000| Untracked 
|  41|0x0000000705200000, 0x0000000705400000, 0x0000000705400000|100%| S|CS|TAMS 0x0000000705200000| PB 0x0000000705200000| Complete 
|  42|0x0000000705400000, 0x0000000705600000, 0x0000000705600000|100%| S|CS|TAMS 0x0000000705400000| PB 0x0000000705400000| Complete 
|  43|0x0000000705600000, 0x0000000705800000, 0x0000000705800000|100%| S|CS|TAMS 0x0000000705600000| PB 0x0000000705600000| Complete 
|  44|0x0000000705800000, 0x0000000705800000, 0x0000000705a00000|  0%| F|  |TAMS 0x0000000705800000| PB 0x0000000705800000| Untracked 
|  45|0x0000000705a00000, 0x0000000705a00000, 0x0000000705c00000|  0%| F|  |TAMS 0x0000000705a00000| PB 0x0000000705a00000| Untracked 
|  46|0x0000000705c00000, 0x0000000705c00000, 0x0000000705e00000|  0%| F|  |TAMS 0x0000000705c00000| PB 0x0000000705c00000| Untracked 
|  47|0x0000000705e00000, 0x0000000705e00000, 0x0000000706000000|  0%| F|  |TAMS 0x0000000705e00000| PB 0x0000000705e00000| Untracked 
|  48|0x0000000706000000, 0x0000000706000000, 0x0000000706200000|  0%| F|  |TAMS 0x0000000706000000| PB 0x0000000706000000| Untracked 
|  49|0x0000000706200000, 0x00000007062d32c8, 0x0000000706400000| 41%| E|  |TAMS 0x0000000706200000| PB 0x0000000706200000| Complete 
|  50|0x0000000706400000, 0x0000000706600000, 0x0000000706600000|100%| E|CS|TAMS 0x0000000706400000| PB 0x0000000706400000| Complete 
|  51|0x0000000706600000, 0x0000000706800000, 0x0000000706800000|100%| E|CS|TAMS 0x0000000706600000| PB 0x0000000706600000| Complete 
|  52|0x0000000706800000, 0x0000000706a00000, 0x0000000706a00000|100%| E|CS|TAMS 0x0000000706800000| PB 0x0000000706800000| Complete 
|  53|0x0000000706a00000, 0x0000000706c00000, 0x0000000706c00000|100%| E|CS|TAMS 0x0000000706a00000| PB 0x0000000706a00000| Complete 
|  54|0x0000000706c00000, 0x0000000706e00000, 0x0000000706e00000|100%| E|CS|TAMS 0x0000000706c00000| PB 0x0000000706c00000| Complete 
|  55|0x0000000706e00000, 0x0000000707000000, 0x0000000707000000|100%| E|CS|TAMS 0x0000000706e00000| PB 0x0000000706e00000| Complete 
|  56|0x0000000707000000, 0x0000000707200000, 0x0000000707200000|100%| E|CS|TAMS 0x0000000707000000| PB 0x0000000707000000| Complete 
|  57|0x0000000707200000, 0x0000000707400000, 0x0000000707400000|100%| E|CS|TAMS 0x0000000707200000| PB 0x0000000707200000| Complete 
|  85|0x000000070aa00000, 0x000000070ac00000, 0x000000070ac00000|100%| E|CS|TAMS 0x000000070aa00000| PB 0x000000070aa00000| Complete 
|  86|0x000000070ac00000, 0x000000070ae00000, 0x000000070ae00000|100%| E|CS|TAMS 0x000000070ac00000| PB 0x000000070ac00000| Complete 
|  87|0x000000070ae00000, 0x000000070b000000, 0x000000070b000000|100%| E|CS|TAMS 0x000000070ae00000| PB 0x000000070ae00000| Complete 
|  93|0x000000070ba00000, 0x000000070bc00000, 0x000000070bc00000|100%| E|CS|TAMS 0x000000070ba00000| PB 0x000000070ba00000| Complete 
|  94|0x000000070bc00000, 0x000000070be00000, 0x000000070be00000|100%| E|CS|TAMS 0x000000070bc00000| PB 0x000000070bc00000| Complete 
|  95|0x000000070be00000, 0x000000070c000000, 0x000000070c000000|100%| E|CS|TAMS 0x000000070be00000| PB 0x000000070be00000| Complete 
|  96|0x000000070c000000, 0x000000070c200000, 0x000000070c200000|100%| E|CS|TAMS 0x000000070c000000| PB 0x000000070c000000| Complete 
| 124|0x000000070f800000, 0x000000070fa00000, 0x000000070fa00000|100%| E|CS|TAMS 0x000000070f800000| PB 0x000000070f800000| Complete 
| 125|0x000000070fa00000, 0x000000070fc00000, 0x000000070fc00000|100%| E|CS|TAMS 0x000000070fa00000| PB 0x000000070fa00000| Complete 
|2043|0x00000007ff600000, 0x00000007ff800000, 0x00000007ff800000|100%| O|  |TAMS 0x00000007ff600000| PB 0x00000007ff600000| Untracked 
|2044|0x00000007ff800000, 0x00000007ffa00000, 0x00000007ffa00000|100%| O|  |TAMS 0x00000007ff800000| PB 0x00000007ff800000| Untracked 
|2045|0x00000007ffa00000, 0x00000007ffc00000, 0x00000007ffc00000|100%| O|  |TAMS 0x00000007ffa00000| PB 0x00000007ffa00000| Untracked 
|2046|0x00000007ffc00000, 0x00000007ffe00000, 0x00000007ffe00000|100%| O|  |TAMS 0x00000007ffc00000| PB 0x00000007ffc00000| Untracked 
|2047|0x00000007ffe00000, 0x0000000800000000, 0x0000000800000000|100%| O|  |TAMS 0x00000007ffe00000| PB 0x00000007ffe00000| Untracked 

Card table byte_map: [0x000001fad44d0000,0x000001fad4cd0000] _byte_map_base: 0x000001fad0cd0000

Marking Bits: (CMBitMap*) 0x000001faba039250
 Bits: [0x000001fad4cd0000, 0x000001fad8cd0000)

Polling page: 0x000001fab9d30000

Metaspace:

Usage:
  Non-class:     67.82 MB used.
      Class:     11.08 MB used.
       Both:     78.90 MB used.

Virtual space:
  Non-class space:      128.00 MB reserved,      68.94 MB ( 54%) committed,  2 nodes.
      Class space:        1.00 GB reserved,      12.25 MB (  1%) committed,  1 nodes.
             Both:        1.12 GB reserved,      81.19 MB (  7%) committed. 

Chunk freelists:
   Non-Class:  10.20 MB
       Class:  3.77 MB
        Both:  13.97 MB

MaxMetaspaceSize: 2.00 GB
CompressedClassSpaceSize: 1.00 GB
Initial GC threshold: 21.00 MB
Current GC threshold: 127.19 MB
CDS: on
 - commit_granule_bytes: 65536.
 - commit_granule_words: 8192.
 - virtual_space_node_default_size: 8388608.
 - enlarge_chunks_in_place: 1.
 - use_allocation_guard: 0.


Internal statistics:

num_allocs_failed_limit: 12.
num_arena_births: 4152.
num_arena_deaths: 0.
num_vsnodes_births: 3.
num_vsnodes_deaths: 0.
num_space_committed: 1299.
num_space_uncommitted: 0.
num_chunks_returned_to_freelist: 12.
num_chunks_taken_from_freelist: 8196.
num_chunk_merges: 9.
num_chunk_splits: 5094.
num_chunks_enlarged: 2927.
num_inconsistent_stats: 0.

CodeHeap 'non-profiled nmethods': size=119168Kb used=5972Kb max_used=5972Kb free=113196Kb
 bounds [0x000001facb9a0000, 0x000001facbf80000, 0x000001fad2e00000]
CodeHeap 'profiled nmethods': size=119104Kb used=21102Kb max_used=21102Kb free=98001Kb
 bounds [0x000001fac3e00000, 0x000001fac52a0000, 0x000001facb250000]
CodeHeap 'non-nmethods': size=7488Kb used=2870Kb max_used=4589Kb free=4617Kb
 bounds [0x000001facb250000, 0x000001facb6e0000, 0x000001facb9a0000]
 total_blobs=11741 nmethods=10772 adapters=873
 compilation: enabled
              stopped_count=0, restarted_count=0
 full_count=0

Compilation events (20 events):
Event: 63.422 Thread 0x000001fb231935e0 12282       3       org.gradle.internal.work.DefaultWorkerLeaseService::acquireLocksWithoutWorkerLeaseWhileBlocked (22 bytes)
Event: 63.422 Thread 0x000001fadb1fe0b0 12283       3       org.gradle.internal.resources.DefaultResourceLockCoordinationService::tryLock (10 bytes)
Event: 63.422 Thread 0x000001fb2318f890 12284       3       org.gradle.internal.resources.DefaultResourceLockCoordinationService$AcquireLocks::transform (9 bytes)
Event: 63.422 Thread 0x000001fb2318f890 nmethod 12284 0x000001fac5290210 code [0x000001fac52903c0, 0x000001fac5290620]
Event: 63.422 Thread 0x000001fadb1fe0b0 nmethod 12283 0x000001fac5290710 code [0x000001fac52908c0, 0x000001fac5290b28]
Event: 63.422 Thread 0x000001fb2318f890 12285       3       org.gradle.internal.resources.DefaultResourceLockCoordinationService$AcquireLocks::transform (62 bytes)
Event: 63.423 Thread 0x000001fb231935e0 nmethod 12282 0x000001fac5290c10 code [0x000001fac5290e00, 0x000001fac5291200]
Event: 63.423 Thread 0x000001fb2318f890 nmethod 12285 0x000001fac5291410 code [0x000001fac5291620, 0x000001fac5291d38]
Event: 63.424 Thread 0x000001fb231935e0 12286       3       org.gradle.tooling.internal.provider.runner.ToolingApiBuildEventListenerFactory$1::progress (1 bytes)
Event: 63.424 Thread 0x000001fb231935e0 nmethod 12286 0x000001fac5291f10 code [0x000001fac52920a0, 0x000001fac52921a8]
Event: 63.431 Thread 0x000001fadb1fe0b0 12289       3       org.gradle.internal.resources.DefaultResourceLockCoordinationService$ReleaseLocks::transform (42 bytes)
Event: 63.431 Thread 0x000001fb231935e0 12288       3       org.gradle.internal.resources.DefaultResourceLockCoordinationService$ReleaseLocks::transform (9 bytes)
Event: 63.432 Thread 0x000001fb231935e0 nmethod 12288 0x000001fac5292210 code [0x000001fac52923c0, 0x000001fac5292620]
Event: 63.432 Thread 0x000001fadb1fe0b0 nmethod 12289 0x000001fac5292710 code [0x000001fac5292920, 0x000001fac5292f40]
Event: 63.433 Thread 0x000001fb2318f890 12291       3       org.gradle.internal.resources.DefaultResourceLockCoordinationService$ReleaseLocks::<init> (10 bytes)
Event: 63.433 Thread 0x000001fadb1fe0b0 12290       3       org.gradle.internal.work.DefaultWorkerLeaseService::releaseLocks (15 bytes)
Event: 63.433 Thread 0x000001fb2318f890 nmethod 12291 0x000001fac5293110 code [0x000001fac52932c0, 0x000001fac5293480]
Event: 63.433 Thread 0x000001fadb1fe0b0 nmethod 12290 0x000001fac5293590 code [0x000001fac5293760, 0x000001fac5293ad0]
Event: 64.508 Thread 0x000001fadb1fe0b0 12293       3       java.util.concurrent.ThreadPoolExecutor::isShutdown (12 bytes)
Event: 64.509 Thread 0x000001fadb1fe0b0 nmethod 12293 0x000001fac5293c90 code [0x000001fac5293e40, 0x000001fac5294028]

GC Heap History (20 events):
Event: 9.266 GC heap before
{Heap before GC invocations=13 (full 0):
 garbage-first heap   total 122880K, used 106996K [0x0000000700000000, 0x0000000800000000)
  region size 2048K, 29 young (59392K), 4 survivors (8192K)
 Metaspace       used 57578K, committed 59584K, reserved 1114112K
  class space    used 8198K, committed 9216K, reserved 1048576K
}
Event: 9.271 GC heap after
{Heap after GC invocations=14 (full 0):
 garbage-first heap   total 122880K, used 61836K [0x0000000700000000, 0x0000000800000000)
  region size 2048K, 3 young (6144K), 3 survivors (6144K)
 Metaspace       used 57578K, committed 59584K, reserved 1114112K
  class space    used 8198K, committed 9216K, reserved 1048576K
}
Event: 9.491 GC heap before
{Heap before GC invocations=14 (full 0):
 garbage-first heap   total 122880K, used 70028K [0x0000000700000000, 0x0000000800000000)
  region size 2048K, 8 young (16384K), 3 survivors (6144K)
 Metaspace       used 58652K, committed 60608K, reserved 1114112K
  class space    used 8325K, committed 9344K, reserved 1048576K
}
Event: 9.494 GC heap after
{Heap after GC invocations=15 (full 0):
 garbage-first heap   total 122880K, used 62644K [0x0000000700000000, 0x0000000800000000)
  region size 2048K, 1 young (2048K), 1 survivors (2048K)
 Metaspace       used 58652K, committed 60608K, reserved 1114112K
  class space    used 8325K, committed 9344K, reserved 1048576K
}
Event: 10.160 GC heap before
{Heap before GC invocations=16 (full 0):
 garbage-first heap   total 122880K, used 117940K [0x0000000700000000, 0x0000000800000000)
  region size 2048K, 24 young (49152K), 1 survivors (2048K)
 Metaspace       used 63319K, committed 65408K, reserved 1114112K
  class space    used 8940K, committed 9984K, reserved 1048576K
}
Event: 10.162 GC heap after
{Heap after GC invocations=17 (full 0):
 garbage-first heap   total 122880K, used 72899K [0x0000000700000000, 0x0000000800000000)
  region size 2048K, 2 young (4096K), 2 survivors (4096K)
 Metaspace       used 63319K, committed 65408K, reserved 1114112K
  class space    used 8940K, committed 9984K, reserved 1048576K
}
Event: 10.559 GC heap before
{Heap before GC invocations=17 (full 0):
 garbage-first heap   total 122880K, used 111811K [0x0000000700000000, 0x0000000800000000)
  region size 2048K, 21 young (43008K), 2 survivors (4096K)
 Metaspace       used 66661K, committed 68672K, reserved 1114112K
  class space    used 9354K, committed 10368K, reserved 1048576K
}
Event: 10.562 GC heap after
{Heap after GC invocations=18 (full 0):
 garbage-first heap   total 122880K, used 73121K [0x0000000700000000, 0x0000000800000000)
  region size 2048K, 3 young (6144K), 3 survivors (6144K)
 Metaspace       used 66661K, committed 68672K, reserved 1114112K
  class space    used 9354K, committed 10368K, reserved 1048576K
}
Event: 10.991 GC heap before
{Heap before GC invocations=18 (full 0):
 garbage-first heap   total 122880K, used 107937K [0x0000000700000000, 0x0000000800000000)
  region size 2048K, 20 young (40960K), 3 survivors (6144K)
 Metaspace       used 68876K, committed 70912K, reserved 1114112K
  class space    used 9660K, committed 10688K, reserved 1048576K
}
Event: 10.996 GC heap after
{Heap after GC invocations=19 (full 0):
 garbage-first heap   total 122880K, used 74945K [0x0000000700000000, 0x0000000800000000)
  region size 2048K, 2 young (4096K), 2 survivors (4096K)
 Metaspace       used 68876K, committed 70912K, reserved 1114112K
  class space    used 9660K, committed 10688K, reserved 1048576K
}
Event: 11.581 GC heap before
{Heap before GC invocations=20 (full 0):
 garbage-first heap   total 131072K, used 109761K [0x0000000700000000, 0x0000000800000000)
  region size 2048K, 19 young (38912K), 2 survivors (4096K)
 Metaspace       used 70216K, committed 72320K, reserved 1114112K
  class space    used 9846K, committed 10880K, reserved 1048576K
}
Event: 11.583 GC heap after
{Heap after GC invocations=21 (full 0):
 garbage-first heap   total 131072K, used 78714K [0x0000000700000000, 0x0000000800000000)
  region size 2048K, 3 young (6144K), 3 survivors (6144K)
 Metaspace       used 70216K, committed 72320K, reserved 1114112K
  class space    used 9846K, committed 10880K, reserved 1048576K
}
Event: 47.038 GC heap before
{Heap before GC invocations=21 (full 0):
 garbage-first heap   total 131072K, used 115578K [0x0000000700000000, 0x0000000800000000)
  region size 2048K, 21 young (43008K), 3 survivors (6144K)
 Metaspace       used 72844K, committed 75072K, reserved 1114112K
  class space    used 10259K, committed 11392K, reserved 1048576K
}
Event: 47.057 GC heap after
{Heap after GC invocations=22 (full 0):
 garbage-first heap   total 131072K, used 78403K [0x0000000700000000, 0x0000000800000000)
  region size 2048K, 2 young (4096K), 2 survivors (4096K)
 Metaspace       used 72844K, committed 75072K, reserved 1114112K
  class space    used 10259K, committed 11392K, reserved 1048576K
}
Event: 48.073 GC heap before
{Heap before GC invocations=22 (full 0):
 garbage-first heap   total 131072K, used 117315K [0x0000000700000000, 0x0000000800000000)
  region size 2048K, 21 young (43008K), 2 survivors (4096K)
 Metaspace       used 75660K, committed 77888K, reserved 1179648K
  class space    used 10724K, committed 11840K, reserved 1048576K
}
Event: 48.080 GC heap after
{Heap after GC invocations=23 (full 0):
 garbage-first heap   total 131072K, used 84786K [0x0000000700000000, 0x0000000800000000)
  region size 2048K, 3 young (6144K), 3 survivors (6144K)
 Metaspace       used 75660K, committed 77888K, reserved 1179648K
  class space    used 10724K, committed 11840K, reserved 1048576K
}
Event: 52.267 GC heap before
{Heap before GC invocations=24 (full 0):
 garbage-first heap   total 147456K, used 113458K [0x0000000700000000, 0x0000000800000000)
  region size 2048K, 17 young (34816K), 3 survivors (6144K)
 Metaspace       used 78976K, committed 81280K, reserved 1179648K
  class space    used 11135K, committed 12288K, reserved 1048576K
}
Event: 52.273 GC heap after
{Heap after GC invocations=25 (full 0):
 garbage-first heap   total 147456K, used 88274K [0x0000000700000000, 0x0000000800000000)
  region size 2048K, 2 young (4096K), 2 survivors (4096K)
 Metaspace       used 78976K, committed 81280K, reserved 1179648K
  class space    used 11135K, committed 12288K, reserved 1048576K
}
Event: 61.993 GC heap before
{Heap before GC invocations=25 (full 0):
 garbage-first heap   total 147456K, used 129234K [0x0000000700000000, 0x0000000800000000)
  region size 2048K, 23 young (47104K), 2 survivors (4096K)
 Metaspace       used 80615K, committed 82944K, reserved 1179648K
  class space    used 11338K, committed 12544K, reserved 1048576K
}
Event: 61.999 GC heap after
{Heap after GC invocations=26 (full 0):
 garbage-first heap   total 147456K, used 89216K [0x0000000700000000, 0x0000000800000000)
  region size 2048K, 3 young (6144K), 3 survivors (6144K)
 Metaspace       used 80615K, committed 82944K, reserved 1179648K
  class space    used 11338K, committed 12544K, reserved 1048576K
}

Dll operation events (16 events):
Event: 0.013 Loaded shared library C:\Program Files\Java\jdk-21\bin\java.dll
Event: 0.038 Loaded shared library C:\Program Files\Java\jdk-21\bin\jsvml.dll
Event: 0.076 Loaded shared library C:\Program Files\Java\jdk-21\bin\zip.dll
Event: 0.081 Loaded shared library C:\Program Files\Java\jdk-21\bin\instrument.dll
Event: 0.086 Loaded shared library C:\Program Files\Java\jdk-21\bin\net.dll
Event: 0.089 Loaded shared library C:\Program Files\Java\jdk-21\bin\nio.dll
Event: 0.092 Loaded shared library C:\Program Files\Java\jdk-21\bin\zip.dll
Event: 0.294 Loaded shared library C:\Program Files\Java\jdk-21\bin\jimage.dll
Event: 0.414 Loaded shared library C:\Program Files\Java\jdk-21\bin\verify.dll
Event: 0.547 Loaded shared library C:\Users\ACER\.gradle\native\c067742578af261105cb4f569cf0c3c89f3d7b1fecec35dd04571415982c5e48\windows-amd64\native-platform.dll
Event: 0.558 Loaded shared library C:\Users\ACER\.gradle\native\100fb08df4bc3b14c8652ba06237920a3bd2aa13389f12d3474272988ae205f9\windows-amd64\native-platform-file-events.dll
Event: 1.388 Loaded shared library C:\Program Files\Java\jdk-21\bin\management.dll
Event: 1.394 Loaded shared library C:\Program Files\Java\jdk-21\bin\management_ext.dll
Event: 1.621 Loaded shared library C:\Program Files\Java\jdk-21\bin\extnet.dll
Event: 1.764 Loaded shared library C:\Program Files\Java\jdk-21\bin\sunmscapi.dll
Event: 49.479 Loaded shared library C:\Program Files\Java\jdk-21\bin\rmi.dll

Deoptimization events (20 events):
Event: 61.656 Thread 0x000001fb213a3aa0 DEOPT PACKING pc=0x000001facb9f500c sp=0x0000009a469fe5d0
Event: 61.656 Thread 0x000001fb213a3aa0 DEOPT UNPACKING pc=0x000001facb2a46a2 sp=0x0000009a469fe478 mode 2
Event: 61.685 Thread 0x000001fb2139c480 DEOPT PACKING pc=0x000001fac4b6d8ec sp=0x0000009a459fe340
Event: 61.685 Thread 0x000001fb2139c480 DEOPT UNPACKING pc=0x000001facb2a4e42 sp=0x0000009a459fd830 mode 0
Event: 62.001 Thread 0x000001fb25ba8cf0 Uncommon trap: trap_request=0xffffff45 fr.pc=0x000001facbdbfb7c relative=0x000000000000013c
Event: 62.001 Thread 0x000001fb25ba8cf0 Uncommon trap: reason=unstable_if action=reinterpret pc=0x000001facbdbfb7c method=java.lang.ThreadLocal.get(Ljava/lang/Thread;)Ljava/lang/Object; @ 7 c2
Event: 62.001 Thread 0x000001fb25ba8cf0 DEOPT PACKING pc=0x000001facbdbfb7c sp=0x0000009a491fe660
Event: 62.001 Thread 0x000001fb25ba8cf0 DEOPT UNPACKING pc=0x000001facb2a46a2 sp=0x0000009a491fe588 mode 2
Event: 62.010 Thread 0x000001fb23035980 Uncommon trap: trap_request=0xffffffc6 fr.pc=0x000001facba9b4e0 relative=0x00000000000002a0
Event: 62.010 Thread 0x000001fb23035980 Uncommon trap: reason=bimorphic_or_optimized_type_check action=maybe_recompile pc=0x000001facba9b4e0 method=com.google.common.collect.ImmutableList.iterator()Ljava/util/Iterator; @ 1 c2
Event: 62.010 Thread 0x000001fb23035980 DEOPT PACKING pc=0x000001facba9b4e0 sp=0x0000009a406f6540
Event: 62.010 Thread 0x000001fb23035980 DEOPT UNPACKING pc=0x000001facb2a46a2 sp=0x0000009a406f6500 mode 2
Event: 62.065 Thread 0x000001fb2649bad0 Uncommon trap: trap_request=0xfffffff4 fr.pc=0x000001facbf4fe0c relative=0x0000000000000e2c
Event: 62.065 Thread 0x000001fb2649bad0 Uncommon trap: reason=null_check action=make_not_entrant pc=0x000001facbf4fe0c method=org.gradle.tooling.internal.provider.runner.ClientBuildEventGenerator$Disabled.accept(Lorg/gradle/internal/operations/BuildOperationDescriptor;)Lorg/gradle/tooling/inter
Event: 62.065 Thread 0x000001fb2649bad0 DEOPT PACKING pc=0x000001facbf4fe0c sp=0x0000009a491fe670
Event: 62.065 Thread 0x000001fb2649bad0 DEOPT UNPACKING pc=0x000001facb2a46a2 sp=0x0000009a491fe5a8 mode 2
Event: 62.180 Thread 0x000001fb23035980 Uncommon trap: trap_request=0xffffff45 fr.pc=0x000001facbf00ae8 relative=0x0000000000000688
Event: 62.180 Thread 0x000001fb23035980 Uncommon trap: reason=unstable_if action=reinterpret pc=0x000001facbf00ae8 method=org.gradle.internal.snapshot.PathUtil.equalChars(CCLorg/gradle/internal/snapshot/CaseSensitivity;)Z @ 11 c2
Event: 62.180 Thread 0x000001fb23035980 DEOPT PACKING pc=0x000001facbf00ae8 sp=0x0000009a406f2ca0
Event: 62.180 Thread 0x000001fb23035980 DEOPT UNPACKING pc=0x000001facb2a46a2 sp=0x0000009a406f2bc0 mode 2

Classes loaded (20 events):
Event: 53.233 Loading class java/lang/ProcessImpl
Event: 53.234 Loading class java/lang/ProcessImpl done
Event: 53.240 Loading class java/lang/ProcessHandleImpl
Event: 53.241 Loading class java/lang/ProcessHandleImpl done
Event: 53.242 Loading class java/lang/ProcessImpl$2
Event: 53.242 Loading class java/lang/ProcessImpl$2 done
Event: 53.242 Loading class java/lang/Process$PipeInputStream
Event: 53.242 Loading class java/lang/Process$PipeInputStream done
Event: 53.247 Loading class jdk/internal/event/ProcessStartEvent
Event: 53.248 Loading class jdk/internal/event/ProcessStartEvent done
Event: 54.146 Loading class java/nio/channels/AsynchronousCloseException
Event: 54.146 Loading class java/nio/channels/AsynchronousCloseException done
Event: 61.684 Loading class java/util/concurrent/ConcurrentLinkedQueue$Itr
Event: 61.684 Loading class java/util/concurrent/ConcurrentLinkedQueue$Itr done
Event: 61.855 Loading class java/util/Collections$ReverseComparator
Event: 61.855 Loading class java/util/Collections$ReverseComparator done
Event: 61.855 Loading class java/util/Collections$ReverseComparator2
Event: 61.856 Loading class java/util/Collections$ReverseComparator2 done
Event: 62.000 Loading class sun/rmi/transport/DGCClient$EndpointEntry$CleanRequest
Event: 62.000 Loading class sun/rmi/transport/DGCClient$EndpointEntry$CleanRequest done

Classes unloaded (0 events):
No events

Classes redefined (0 events):
No events

Internal exceptions (20 events):
Event: 53.150 Thread 0x000001fb2139c480 Exception <a 'java/lang/NoSuchMethodError'{0x000000070bcf8ff0}: static Lorg/gradle/api/internal/tasks/compile/daemon/CompilerWorkerExecutor$CompilerParameters;.<clinit>()V> (0x000000070bcf8ff0) 
thrown [s\open\src\hotspot\share\prims\jni.cpp, line 1111]
Event: 53.150 Thread 0x000001fb2139c480 Exception <a 'java/lang/NoSuchMethodError'{0x000000070bd112f8}: static Ljava/util/AbstractList;.<clinit>()V> (0x000000070bd112f8) 
thrown [s\open\src\hotspot\share\prims\jni.cpp, line 1111]
Event: 53.151 Thread 0x000001fb2139c480 Exception <a 'java/lang/NoSuchMethodError'{0x000000070bd4dbb8}: static Lorg/gradle/api/internal/tasks/compile/DefaultGroovyJavaJointCompileSpec;.<clinit>()V> (0x000000070bd4dbb8) 
thrown [s\open\src\hotspot\share\prims\jni.cpp, line 1111]
Event: 53.152 Thread 0x000001fb2139c480 Exception <a 'java/lang/NoSuchMethodError'{0x000000070bd51670}: static Lorg/gradle/api/internal/tasks/compile/DefaultJavaCompileSpec;.<clinit>()V> (0x000000070bd51670) 
thrown [s\open\src\hotspot\share\prims\jni.cpp, line 1111]
Event: 53.152 Thread 0x000001fb2139c480 Exception <a 'java/lang/NoSuchMethodError'{0x000000070bd56b30}: static Lorg/gradle/api/internal/tasks/compile/DefaultJvmLanguageCompileSpec;.<clinit>()V> (0x000000070bd56b30) 
thrown [s\open\src\hotspot\share\prims\jni.cpp, line 1111]
Event: 53.156 Thread 0x000001fb2139c480 Exception <a 'java/lang/NoSuchMethodError'{0x000000070bdcd660}: static Lorg/gradle/api/internal/tasks/compile/MinimalJavaCompileOptions;.<clinit>()V> (0x000000070bdcd660) 
thrown [s\open\src\hotspot\share\prims\jni.cpp, line 1111]
Event: 53.159 Thread 0x000001fb2139c480 Exception <a 'java/lang/NoSuchMethodError'{0x000000070ba45208}: static Lorg/gradle/api/internal/tasks/compile/MinimalJavaCompilerDaemonForkOptions;.<clinit>()V> (0x000000070ba45208) 
thrown [s\open\src\hotspot\share\prims\jni.cpp, line 1111]
Event: 53.159 Thread 0x000001fb2139c480 Exception <a 'java/lang/NoSuchMethodError'{0x000000070ba47bc8}: static Lorg/gradle/api/internal/tasks/compile/MinimalCompilerDaemonForkOptions;.<clinit>()V> (0x000000070ba47bc8) 
thrown [s\open\src\hotspot\share\prims\jni.cpp, line 1111]
Event: 53.159 Thread 0x000001fb2139c480 Exception <a 'java/lang/NoSuchMethodError'{0x000000070ba5dc18}: static Lorg/gradle/api/internal/tasks/compile/MinimalGroovyCompileOptions;.<clinit>()V> (0x000000070ba5dc18) 
thrown [s\open\src\hotspot\share\prims\jni.cpp, line 1111]
Event: 53.160 Thread 0x000001fb2139c480 Exception <a 'java/lang/NoSuchMethodError'{0x000000070ba8af68}: static Lorg/gradle/api/internal/tasks/compile/MinimalGroovyCompilerDaemonForkOptions;.<clinit>()V> (0x000000070ba8af68) 
thrown [s\open\src\hotspot\share\prims\jni.cpp, line 1111]
Event: 53.222 Thread 0x000001fb2139c480 Exception <a 'java/lang/NoSuchMethodError'{0x00000007072e58c8}: static Lorg/gradle/process/internal/worker/request/WorkerAction;.<clinit>()V> (0x00000007072e58c8) 
thrown [s\open\src\hotspot\share\prims\jni.cpp, line 1111]
Event: 53.240 Thread 0x000001fb25ba51e0 Exception <a 'java/lang/NoSuchMethodError'{0x000000070739c5d0}: 'void java.lang.invoke.DirectMethodHandle$Holder.invokeStatic(java.lang.Object, long)'> (0x000000070739c5d0) 
thrown [s\open\src\hotspot\share\interpreter\linkResolver.cpp, line 773]
Event: 53.241 Thread 0x000001fb25ba51e0 Exception <a 'java/lang/NoSuchMethodError'{0x00000007073a6b78}: 'java.lang.Object java.lang.invoke.DirectMethodHandle$Holder.invokeStaticInit(java.lang.Object, long, java.lang.Object)'> (0x00000007073a6b78) 
thrown [s\open\src\hotspot\share\interpreter\linkResolver.cpp, line 773]
Event: 61.487 Thread 0x000001fb25babae0 Exception <a 'java/lang/NoSuchMethodError'{0x00000007071a3260}: static Ljava/lang/Object;.<clinit>()V> (0x00000007071a3260) 
thrown [s\open\src\hotspot\share\prims\jni.cpp, line 1111]
Event: 61.488 Thread 0x000001fb25babae0 Exception <a 'java/lang/NoSuchMethodError'{0x00000007071ae918}: static Lorg/gradle/api/internal/tasks/compile/ApiCompilerResult;.<clinit>()V> (0x00000007071ae918) 
thrown [s\open\src\hotspot\share\prims\jni.cpp, line 1111]
Event: 61.490 Thread 0x000001fb25babae0 Exception <a 'java/lang/NoSuchMethodError'{0x00000007071c10b8}: static Lorg/gradle/api/internal/tasks/compile/incremental/processing/AnnotationProcessingResult;.<clinit>()V> (0x00000007071c10b8) 
thrown [s\open\src\hotspot\share\prims\jni.cpp, line 1111]
Event: 61.506 Thread 0x000001fb25babae0 Exception <a 'java/lang/NoSuchMethodError'{0x00000007071e27f0}: static Lorg/gradle/api/internal/tasks/compile/incremental/compilerapi/constants/ConstantsAnalysisResult;.<clinit>()V> (0x00000007071e27f0) 
thrown [s\open\src\hotspot\share\prims\jni.cpp, line 1111]
Event: 61.508 Thread 0x000001fb25babae0 Exception <a 'java/lang/NoSuchMethodError'{0x00000007071f2f28}: static Lorg/gradle/api/internal/tasks/compile/incremental/compilerapi/constants/ConstantToDependentsMappingBuilder;.<clinit>()V> (0x00000007071f2f28) 
thrown [s\open\src\hotspot\share\prims\jni.cpp, line 1111]
Event: 62.001 Thread 0x000001fb25ba8cf0 Implicit null exception at 0x000001facbdbfa8b to 0x000001facbdbfb64
Event: 62.065 Thread 0x000001fb2649bad0 Implicit null exception at 0x000001facbf4f4a4 to 0x000001facbf4fdf8

ZGC Phase Switch (0 events):
No events

VM Operations (20 events):
Event: 54.155 Executing VM operation: HandshakeAllThreads (Deoptimize)
Event: 54.156 Executing VM operation: HandshakeAllThreads (Deoptimize) done
Event: 54.156 Executing VM operation: Cleanup
Event: 54.156 Executing VM operation: Cleanup done
Event: 56.156 Executing VM operation: Cleanup
Event: 56.157 Executing VM operation: Cleanup done
Event: 60.159 Executing VM operation: Cleanup
Event: 60.159 Executing VM operation: Cleanup done
Event: 60.220 Executing VM operation: HandshakeAllThreads (HandshakeForDeflation)
Event: 60.220 Executing VM operation: HandshakeAllThreads (HandshakeForDeflation) done
Event: 60.220 Executing VM operation: RendezvousGCThreads
Event: 60.220 Executing VM operation: RendezvousGCThreads done
Event: 61.927 Executing VM operation: ICBufferFull
Event: 61.927 Executing VM operation: ICBufferFull done
Event: 61.992 Executing VM operation: G1CollectForAllocation (G1 Evacuation Pause)
Event: 61.999 Executing VM operation: G1CollectForAllocation (G1 Evacuation Pause) done
Event: 62.999 Executing VM operation: Cleanup
Event: 62.999 Executing VM operation: Cleanup done
Event: 64.000 Executing VM operation: Cleanup
Event: 64.000 Executing VM operation: Cleanup done

Events (20 events):
Event: 62.003 Thread 0x000001fb25ba8cf0 Thread exited: 0x000001fb25ba8cf0
Event: 62.064 Thread 0x000001fb2649bad0 Thread added: 0x000001fb2649bad0
Event: 62.079 Thread 0x000001fb2649f5e0 Thread added: 0x000001fb2649f5e0
Event: 62.088 Thread 0x000001fb2649c160 Thread added: 0x000001fb2649c160
Event: 62.090 Thread 0x000001fb2649e8c0 Thread added: 0x000001fb2649e8c0
Event: 62.093 Thread 0x000001fb2649fc70 Thread added: 0x000001fb2649fc70
Event: 62.096 Thread 0x000001fb2649c7f0 Thread added: 0x000001fb2649c7f0
Event: 62.098 Thread 0x000001fb2649e230 Thread added: 0x000001fb2649e230
Event: 62.102 Thread 0x000001fb264a0300 Thread added: 0x000001fb264a0300
Event: 62.105 Thread 0x000001fb2649ef50 Thread added: 0x000001fb2649ef50
Event: 62.107 Thread 0x000001fb2649d510 Thread added: 0x000001fb2649d510
Event: 62.110 Thread 0x000001fb2649ce80 Thread added: 0x000001fb2649ce80
Event: 62.112 Thread 0x000001fb264a0990 Thread added: 0x000001fb264a0990
Event: 62.116 Thread 0x000001fb264a1020 Thread added: 0x000001fb264a1020
Event: 62.118 Thread 0x000001fb2649dba0 Thread added: 0x000001fb2649dba0
Event: 62.120 Thread 0x000001fb264a3e10 Thread added: 0x000001fb264a3e10
Event: 62.440 Thread 0x000001fb23193cb0 Thread exited: 0x000001fb23193cb0
Event: 63.308 Thread 0x000001fb2318ff60 Thread exited: 0x000001fb2318ff60
Event: 63.390 Thread 0x000001fb2318ff60 Thread added: 0x000001fb2318ff60
Event: 64.041 Thread 0x000001fb231935e0 Thread exited: 0x000001fb231935e0


Dynamic libraries:
0x00007ff64cea0000 - 0x00007ff64ceb0000 	C:\Program Files\Java\jdk-21\bin\java.exe
0x00007ffdfb3c0000 - 0x00007ffdfb626000 	C:\WINDOWS\SYSTEM32\ntdll.dll
0x00007ffdf95b0000 - 0x00007ffdf9679000 	C:\WINDOWS\System32\KERNEL32.DLL
0x00007ffdf8610000 - 0x00007ffdf89dc000 	C:\WINDOWS\System32\KERNELBASE.dll
0x00007ffdf8a80000 - 0x00007ffdf8bcb000 	C:\WINDOWS\System32\ucrtbase.dll
0x00007ffdb3a00000 - 0x00007ffdb3a1b000 	C:\Program Files\Java\jdk-21\bin\VCRUNTIME140.dll
0x00007ffdacd80000 - 0x00007ffdacd99000 	C:\Program Files\Java\jdk-21\bin\jli.dll
0x00007ffdf94f0000 - 0x00007ffdf95a2000 	C:\WINDOWS\System32\ADVAPI32.dll
0x00007ffdf9350000 - 0x00007ffdf93f9000 	C:\WINDOWS\System32\msvcrt.dll
0x00007ffdfada0000 - 0x00007ffdfae46000 	C:\WINDOWS\System32\sechost.dll
0x00007ffdfa4a0000 - 0x00007ffdfa5b6000 	C:\WINDOWS\System32\RPCRT4.dll
0x00007ffdfb1b0000 - 0x00007ffdfb37a000 	C:\WINDOWS\System32\USER32.dll
0x00007ffdf8e00000 - 0x00007ffdf8e27000 	C:\WINDOWS\System32\win32u.dll
0x00007ffdfb180000 - 0x00007ffdfb1ab000 	C:\WINDOWS\System32\GDI32.dll
0x00007ffdd8e90000 - 0x00007ffdd912a000 	C:\WINDOWS\WinSxS\amd64_microsoft.windows.common-controls_6595b64144ccf1df_6.0.26100.3912_none_3e07963ce335137e\COMCTL32.dll
0x00007ffdf8fb0000 - 0x00007ffdf90e2000 	C:\WINDOWS\System32\gdi32full.dll
0x00007ffdf8bd0000 - 0x00007ffdf8c73000 	C:\WINDOWS\System32\msvcp_win.dll
0x00007ffdebfc0000 - 0x00007ffdebfcb000 	C:\WINDOWS\SYSTEM32\VERSION.dll
0x00007ffdf9770000 - 0x00007ffdf97a0000 	C:\WINDOWS\System32\IMM32.DLL
0x00007ffdb9e90000 - 0x00007ffdb9e9c000 	C:\Program Files\Java\jdk-21\bin\vcruntime140_1.dll
0x00007ffd55cf0000 - 0x00007ffd55d7e000 	C:\Program Files\Java\jdk-21\bin\msvcp140.dll
0x00007ffd14c90000 - 0x00007ffd159aa000 	C:\Program Files\Java\jdk-21\bin\server\jvm.dll
0x00007ffdf9b50000 - 0x00007ffdf9bc4000 	C:\WINDOWS\System32\WS2_32.dll
0x00007ffdf7150000 - 0x00007ffdf71ae000 	C:\WINDOWS\SYSTEM32\POWRPROF.dll
0x00007ffde95b0000 - 0x00007ffde95e6000 	C:\WINDOWS\SYSTEM32\WINMM.dll
0x00007ffdf7130000 - 0x00007ffdf7144000 	C:\WINDOWS\SYSTEM32\UMPDC.dll
0x00007ffdf7410000 - 0x00007ffdf742a000 	C:\WINDOWS\SYSTEM32\kernel.appcore.dll
0x00007ffdacd70000 - 0x00007ffdacd7a000 	C:\Program Files\Java\jdk-21\bin\jimage.dll
0x00007ffdf5db0000 - 0x00007ffdf5ff1000 	C:\WINDOWS\SYSTEM32\DBGHELP.DLL
0x00007ffdf97b0000 - 0x00007ffdf9b34000 	C:\WINDOWS\System32\combase.dll
0x00007ffdf91e0000 - 0x00007ffdf92c0000 	C:\WINDOWS\System32\OLEAUT32.dll
0x00007ffdcc460000 - 0x00007ffdcc499000 	C:\WINDOWS\SYSTEM32\dbgcore.DLL
0x00007ffdf89e0000 - 0x00007ffdf8a79000 	C:\WINDOWS\System32\bcryptPrimitives.dll
0x00007ffd99a90000 - 0x00007ffd99a9f000 	C:\Program Files\Java\jdk-21\bin\instrument.dll
0x00007ffd85870000 - 0x00007ffd8588f000 	C:\Program Files\Java\jdk-21\bin\java.dll
0x00007ffdfa670000 - 0x00007ffdfad9d000 	C:\WINDOWS\System32\SHELL32.dll
0x00007ffdf8e30000 - 0x00007ffdf8fa4000 	C:\WINDOWS\System32\wintypes.dll
0x00007ffdf61a0000 - 0x00007ffdf69f6000 	C:\WINDOWS\SYSTEM32\windows.storage.dll
0x00007ffdfa3a0000 - 0x00007ffdfa48f000 	C:\WINDOWS\System32\SHCORE.dll
0x00007ffdf9700000 - 0x00007ffdf9769000 	C:\WINDOWS\System32\shlwapi.dll
0x00007ffdf8460000 - 0x00007ffdf848f000 	C:\WINDOWS\SYSTEM32\profapi.dll
0x00007ffd2dc40000 - 0x00007ffd2dd17000 	C:\Program Files\Java\jdk-21\bin\jsvml.dll
0x00007ffd85850000 - 0x00007ffd85868000 	C:\Program Files\Java\jdk-21\bin\zip.dll
0x00007ffd962b0000 - 0x00007ffd962c0000 	C:\Program Files\Java\jdk-21\bin\net.dll
0x00007ffdefc70000 - 0x00007ffdefd8e000 	C:\WINDOWS\SYSTEM32\WINHTTP.dll
0x00007ffdf79a0000 - 0x00007ffdf7a0a000 	C:\WINDOWS\system32\mswsock.dll
0x00007ffd6d710000 - 0x00007ffd6d726000 	C:\Program Files\Java\jdk-21\bin\nio.dll
0x00007ffd960c0000 - 0x00007ffd960d0000 	C:\Program Files\Java\jdk-21\bin\verify.dll
0x00007ffd92910000 - 0x00007ffd92937000 	C:\Users\ACER\.gradle\native\c067742578af261105cb4f569cf0c3c89f3d7b1fecec35dd04571415982c5e48\windows-amd64\native-platform.dll
0x00007ffd5dfc0000 - 0x00007ffd5e104000 	C:\Users\ACER\.gradle\native\100fb08df4bc3b14c8652ba06237920a3bd2aa13389f12d3474272988ae205f9\windows-amd64\native-platform-file-events.dll
0x00007ffd95eb0000 - 0x00007ffd95eba000 	C:\Program Files\Java\jdk-21\bin\management.dll
0x00007ffd92a70000 - 0x00007ffd92a7b000 	C:\Program Files\Java\jdk-21\bin\management_ext.dll
0x00007ffdfae50000 - 0x00007ffdfae58000 	C:\WINDOWS\System32\PSAPI.DLL
0x00007ffdf7c40000 - 0x00007ffdf7c5c000 	C:\WINDOWS\SYSTEM32\CRYPTSP.dll
0x00007ffdf7360000 - 0x00007ffdf739a000 	C:\WINDOWS\system32\rsaenh.dll
0x00007ffdf7a40000 - 0x00007ffdf7a6b000 	C:\WINDOWS\SYSTEM32\USERENV.dll
0x00007ffdf8430000 - 0x00007ffdf8456000 	C:\WINDOWS\SYSTEM32\bcrypt.dll
0x00007ffdf7c60000 - 0x00007ffdf7c6c000 	C:\WINDOWS\SYSTEM32\CRYPTBASE.dll
0x00007ffdf6dd0000 - 0x00007ffdf6e03000 	C:\WINDOWS\SYSTEM32\IPHLPAPI.DLL
0x00007ffdf9bd0000 - 0x00007ffdf9bda000 	C:\WINDOWS\System32\NSI.dll
0x00007ffd92780000 - 0x00007ffd92789000 	C:\Program Files\Java\jdk-21\bin\extnet.dll
0x00007ffd920f0000 - 0x00007ffd920fe000 	C:\Program Files\Java\jdk-21\bin\sunmscapi.dll
0x00007ffdf8c80000 - 0x00007ffdf8df7000 	C:\WINDOWS\System32\CRYPT32.dll
0x00007ffdf7e50000 - 0x00007ffdf7e80000 	C:\WINDOWS\SYSTEM32\ncrypt.dll
0x00007ffdf7e00000 - 0x00007ffdf7e3f000 	C:\WINDOWS\SYSTEM32\NTASN1.dll
0x00007ffdb9ac0000 - 0x00007ffdb9ac8000 	C:\WINDOWS\system32\wshunix.dll
0x00007ffdd32c0000 - 0x00007ffdd32d8000 	C:\WINDOWS\system32\napinsp.dll
0x00007ffdf6e70000 - 0x00007ffdf6f97000 	C:\WINDOWS\SYSTEM32\DNSAPI.dll
0x00007ffdd32a0000 - 0x00007ffdd32b2000 	C:\WINDOWS\System32\winrnr.dll
0x00007ffdae020000 - 0x00007ffdae050000 	C:\WINDOWS\system32\nlansp_c.dll
0x00007ffdef700000 - 0x00007ffdef716000 	C:\WINDOWS\system32\wshbth.dll
0x00007ffdeec20000 - 0x00007ffdeec2b000 	C:\Windows\System32\rasadhlp.dll
0x00007ffdeb690000 - 0x00007ffdeb716000 	C:\WINDOWS\System32\fwpuclnt.dll
0x00007ffdacc00000 - 0x00007ffdacc07000 	C:\Program Files\Java\jdk-21\bin\rmi.dll

dbghelp: loaded successfully - version: 4.0.5 - missing functions: none
symbol engine: initialized successfully - sym options: 0x614 - pdb path: .;C:\Program Files\Java\jdk-21\bin;C:\WINDOWS\SYSTEM32;C:\WINDOWS\WinSxS\amd64_microsoft.windows.common-controls_6595b64144ccf1df_6.0.26100.3912_none_3e07963ce335137e;C:\Program Files\Java\jdk-21\bin\server;C:\Users\ACER\.gradle\native\c067742578af261105cb4f569cf0c3c89f3d7b1fecec35dd04571415982c5e48\windows-amd64;C:\Users\ACER\.gradle\native\100fb08df4bc3b14c8652ba06237920a3bd2aa13389f12d3474272988ae205f9\windows-amd64

VM Arguments:
jvm_args: -XX:MaxMetaspaceSize=2G -XX:+HeapDumpOnOutOfMemoryError --add-opens=java.base/java.util=ALL-UNNAMED --add-opens=java.base/java.lang=ALL-UNNAMED --add-opens=java.base/java.lang.invoke=ALL-UNNAMED --add-opens=java.prefs/java.util.prefs=ALL-UNNAMED --add-exports=jdk.compiler/com.sun.tools.javac.api=ALL-UNNAMED --add-exports=jdk.compiler/com.sun.tools.javac.util=ALL-UNNAMED --add-opens=java.base/java.nio.charset=ALL-UNNAMED --add-opens=java.base/java.net=ALL-UNNAMED --add-opens=java.base/java.util.concurrent.atomic=ALL-UNNAMED -Xmx4G -Dfile.encoding=utf8 -Duser.country=ID -Duser.language=en -Duser.variant -javaagent:C:\Users\ACER\.gradle\wrapper\dists\gradle-8.10.2-all\7iv73wktx1xtkvlq19urqw1wm\gradle-8.10.2\lib\agents\gradle-instrumentation-agent-8.10.2.jar 
java_command: org.gradle.launcher.daemon.bootstrap.GradleDaemon 8.10.2
java_class_path (initial): C:\Users\ACER\.gradle\wrapper\dists\gradle-8.10.2-all\7iv73wktx1xtkvlq19urqw1wm\gradle-8.10.2\lib\gradle-daemon-main-8.10.2.jar
Launcher Type: SUN_STANDARD

[Global flags]
     intx CICompilerCount                          = 12                                        {product} {ergonomic}
     uint ConcGCThreads                            = 3                                         {product} {ergonomic}
     uint G1ConcRefinementThreads                  = 13                                        {product} {ergonomic}
   size_t G1HeapRegionSize                         = 2097152                                   {product} {ergonomic}
    uintx GCDrainStackTargetSize                   = 64                                        {product} {ergonomic}
     bool HeapDumpOnOutOfMemoryError               = true                                   {manageable} {command line}
   size_t InitialHeapSize                          = 264241152                                 {product} {ergonomic}
   size_t MarkStackSize                            = 4194304                                   {product} {ergonomic}
   size_t MaxHeapSize                              = 4294967296                                {product} {command line}
   size_t MaxMetaspaceSize                         = 2147483648                                {product} {command line}
   size_t MaxNewSize                               = 2575302656                                {product} {ergonomic}
   size_t MinHeapDeltaBytes                        = 2097152                                   {product} {ergonomic}
   size_t MinHeapSize                              = 8388608                                   {product} {ergonomic}
    uintx NonNMethodCodeHeapSize                   = 7602480                                {pd product} {ergonomic}
    uintx NonProfiledCodeHeapSize                  = 122027880                              {pd product} {ergonomic}
    uintx ProfiledCodeHeapSize                     = 122027880                              {pd product} {ergonomic}
    uintx ReservedCodeCacheSize                    = 251658240                              {pd product} {ergonomic}
     bool SegmentedCodeCache                       = true                                      {product} {ergonomic}
   size_t SoftMaxHeapSize                          = 4294967296                             {manageable} {ergonomic}
     bool UseCompressedOops                        = true                           {product lp64_product} {ergonomic}
     bool UseG1GC                                  = true                                      {product} {ergonomic}
     bool UseLargePagesIndividualAllocation        = false                                  {pd product} {ergonomic}

Logging:
Log output configuration:
 #0: stdout all=warning uptime,level,tags foldmultilines=false
 #1: stderr all=off uptime,level,tags foldmultilines=false

Environment Variables:
JAVA_HOME=C:\Program Files\Java\jdk-21
PATH=C:\Program Files\Common Files\Oracle\Java\javapath;C:\Python312\Scripts\;C:\Python312\;D:\oracle\product\10.2.0\db_1\bin;C:\Program Files\Eclipse Adoptium\jdk-17.0.12.7-hotspot\bin;C:\WINDOWS\system32;C:\WINDOWS;C:\WINDOWS\System32\Wbem;C:\WINDOWS\System32\WindowsPowerShell\v1.0\;C:\WINDOWS\System32\OpenSSH\;C:\Program Files (x86)\NVIDIA Corporation\PhysX\Common;C:\MinGW\bin;C:\Program Files\Git\cmd;C:\Program Files\Docker\Docker\resources\bin;C:\ProgramData\ComposerSetup\bin;C:\Program Files\WireGuard\;C:\Program Files\NVIDIA Corporation\NVIDIA app\NvDLISR;C:\ProgramData\chocolatey\bin;C:\Program Files\nodejs;C:\Program Files\swipl\bin;C:\src\flutter\bin;C:\Program Files\PostgreSQL\16\bin;C:\Program Files\Java\jdk-21\bin;C:\Program Files\Java\jdk-17\bin;C:\Program Files\Java\jdk-21;C:\Program Files\GitHub CLI\;C:\laragon\bin;C:\laragon\bin\apache\httpd-2.4.54-win64-VS16\bin;C:\laragon\bin\composer;C:\laragon\bin\git\bin;C:\laragon\bin\git\cmd;C:\laragon\bin\git\mingw64\bin;C:\laragon\bin\git\usr\bin;C:\laragon\bin\laragon\utils;C:\laragon\bin\mysql\mysql-8.0.30-winx64\bin;C:\laragon\bin\nginx\nginx-1.22.0;C:\laragon\bin\ngrok;C:\laragon\bin\nodejs\node-v18;C:\laragon\bin\notepad++;C:\laragon\bin\php\php-8.2.22-Win32-vs16-x64;C:\laragon\bin\python\python-3.10;C:\laragon\bin\python\python-3.10\Scripts;C:\laragon\bin\redis\redis-x64-5.0.14.1;C:\laragon\bin\telnet;C:\laragon\usr\bin;C:\Users\ACER\AppData\Local\Yarn\config\global\node_modules\.bin;C:\Users\ACER\AppData\Roaming\Composer\vendor\bin;C:\Users\ACER\AppData\Local\Microsoft\WindowsApps;C:\Users\ACER\AppData\Local\Programs\Microsoft VS Code\bin;C:\src\flutter\bin;C:\Program Files\nodejs;C:\Users\ACER\AppData\Local\Microsoft\WindowsApps;C:\Users\ACER\AppData\Local\Pub\Cache\bin;C:\Program Files\Eclipse Adoptium\jdk-17.0.12.7-hotspot\bin;C:\Program Files\PostgreSQL\16\bin;C:\Program Files\Java\jdk-21\bin;C:\Program Files\Java\jdk-17;C:\Program Files\Java\jdk-21;
USERNAME=ACER
OS=Windows_NT
PROCESSOR_IDENTIFIER=Intel64 Family 6 Model 154 Stepping 3, GenuineIntel
TMP=C:\Users\ACER\AppData\Local\Temp
TEMP=C:\Users\ACER\AppData\Local\Temp




Periodic native trim disabled

---------------  S Y S T E M  ---------------

OS:
 Windows 11 , 64 bit Build 26100 (10.0.26100.3912)
OS uptime: 8 days 23:41 hours
Hyper-V role detected

CPU: total 16 (initial active 16) (8 cores per cpu, 2 threads per core) family 6 model 154 stepping 3 microcode 0x423, cx8, cmov, fxsr, ht, mmx, 3dnowpref, sse, sse2, sse3, ssse3, sse4.1, sse4.2, popcnt, lzcnt, tsc, tscinvbit, avx, avx2, aes, erms, clmul, bmi1, bmi2, adx, sha, fma, vzeroupper, clflush, clflushopt, clwb, hv, serialize, rdtscp, rdpid, fsrm, f16c, cet_ibt, cet_ss
Processor Information for processor 0
  Max Mhz: 3100, Current Mhz: 3100, Mhz Limit: 3100
Processor Information for processor 1
  Max Mhz: 3100, Current Mhz: 3100, Mhz Limit: 3100
Processor Information for processor 2
  Max Mhz: 3100, Current Mhz: 3100, Mhz Limit: 3100
Processor Information for processor 3
  Max Mhz: 3100, Current Mhz: 3100, Mhz Limit: 3100
Processor Information for processor 4
  Max Mhz: 3100, Current Mhz: 3100, Mhz Limit: 3100
Processor Information for processor 5
  Max Mhz: 3100, Current Mhz: 3100, Mhz Limit: 3100
Processor Information for processor 6
  Max Mhz: 3100, Current Mhz: 3100, Mhz Limit: 3100
Processor Information for processor 7
  Max Mhz: 3100, Current Mhz: 3100, Mhz Limit: 3100
Processor Information for processor 8
  Max Mhz: 3100, Current Mhz: 2232, Mhz Limit: 2232
Processor Information for processor 9
  Max Mhz: 3100, Current Mhz: 2232, Mhz Limit: 2232
Processor Information for processor 10
  Max Mhz: 3100, Current Mhz: 2232, Mhz Limit: 2232
Processor Information for processor 11
  Max Mhz: 3100, Current Mhz: 2232, Mhz Limit: 2232
Processor Information for processor 12
  Max Mhz: 3100, Current Mhz: 2232, Mhz Limit: 2232
Processor Information for processor 13
  Max Mhz: 3100, Current Mhz: 2232, Mhz Limit: 2232
Processor Information for processor 14
  Max Mhz: 3100, Current Mhz: 2232, Mhz Limit: 2232
Processor Information for processor 15
  Max Mhz: 3100, Current Mhz: 2232, Mhz Limit: 2232

Memory: 4k page, system-wide physical 16088M (1063M free)
TotalPageFile size 56531M (AvailPageFile size 2M)
current process WorkingSet (physical memory assigned to process): 224M, peak: 370M
current process commit charge ("private bytes"): 448M, peak: 453M

vm_info: Java HotSpot(TM) 64-Bit Server VM (21.0.6+8-LTS-188) for windows-amd64 JRE (21.0.6+8-LTS-188), built on 2024-12-03T10:50:54Z by "mach5one" with MS VC++ 17.6 (VS2022)

END.
